[
  {
    "line": 3,
    "elements": [
      {
        "line": 8,
        "name": "",
        "description": "",
        "type": "background",
        "keyword": "Background",
        "steps": [
          {
            "result": {
              "error_message": "com.google.inject.ProvisionException: Unable to provision, see the following errors:\n\n1) Error in custom provider, com.google.inject.OutOfScopeException: Cannot access Key[type\u003dcom.acme.samples.google.pages.home.HomePage, annotation\u003d[none]] outside of a scoping block\n  at com.acme.guice.AcmeModule.configure(AcmeModule.java:21)\n  while locating com.acme.samples.google.pages.home.HomePage\n    for parameter 0 at com.acme.samples.google.stepdef.HomeStepDef.\u003cinit\u003e(HomeStepDef.java:19)\n  while locating com.acme.samples.google.stepdef.HomeStepDef\n\n1 error\n\tat com.google.inject.internal.InjectorImpl$2.get(InjectorImpl.java:1025)\n\tat com.google.inject.internal.InjectorImpl.getInstance(InjectorImpl.java:1051)\n\tat cucumber.runtime.java.guice.impl.GuiceFactory.getInstance(GuiceFactory.java:42)\n\tat cucumber.runtime.java.JavaStepDefinition.execute(JavaStepDefinition.java:57)\n\tat cucumber.runner.PickleStepDefinitionMatch.runStep(PickleStepDefinitionMatch.java:50)\n\tat cucumber.runner.TestStep.executeStep(TestStep.java:63)\n\tat cucumber.runner.TestStep.run(TestStep.java:49)\n\tat cucumber.runner.PickleStepTestStep.run(PickleStepTestStep.java:43)\n\tat cucumber.runner.TestCase.run(TestCase.java:44)\n\tat cucumber.runner.Runner.runPickle(Runner.java:40)\n\tat cucumber.runtime.junit.PickleRunners$NoStepDescriptions.run(PickleRunners.java:146)\n\tat cucumber.runtime.junit.FeatureRunner.runChild(FeatureRunner.java:67)\n\tat cucumber.runtime.junit.FeatureRunner.runChild(FeatureRunner.java:22)\n\tat org.junit.runners.ParentRunner$3.run(ParentRunner.java:290)\n\tat org.junit.runners.ParentRunner$1.schedule(ParentRunner.java:71)\n\tat org.junit.runners.ParentRunner.runChildren(ParentRunner.java:288)\n\tat org.junit.runners.ParentRunner.access$000(ParentRunner.java:58)\n\tat org.junit.runners.ParentRunner$2.evaluate(ParentRunner.java:268)\n\tat org.junit.runners.ParentRunner.run(ParentRunner.java:363)\n\tat cucumber.runtime.junit.FeatureRunner.run(FeatureRunner.java:72)\n\tat cucumber.api.junit.Cucumber.runChild(Cucumber.java:122)\n\tat cucumber.api.junit.Cucumber.runChild(Cucumber.java:64)\n\tat org.junit.runners.ParentRunner$3.run(ParentRunner.java:290)\n\tat org.junit.runners.ParentRunner$1.schedule(ParentRunner.java:71)\n\tat org.junit.runners.ParentRunner.runChildren(ParentRunner.java:288)\n\tat org.junit.runners.ParentRunner.access$000(ParentRunner.java:58)\n\tat org.junit.runners.ParentRunner$2.evaluate(ParentRunner.java:268)\n\tat cucumber.api.junit.Cucumber$1.evaluate(Cucumber.java:131)\n\tat org.junit.runners.ParentRunner.run(ParentRunner.java:363)\n\tat org.apache.maven.surefire.junit4.JUnit4Provider.execute(JUnit4Provider.java:264)\n\tat org.apache.maven.surefire.junit4.JUnit4Provider.executeTestSet(JUnit4Provider.java:153)\n\tat org.apache.maven.surefire.junit4.JUnit4Provider.invoke(JUnit4Provider.java:124)\n\tat org.apache.maven.surefire.booter.ForkedBooter.invokeProviderInSameClassLoader(ForkedBooter.java:200)\n\tat org.apache.maven.surefire.booter.ForkedBooter.runSuitesInProcess(ForkedBooter.java:153)\n\tat org.apache.maven.surefire.booter.ForkedBooter.main(ForkedBooter.java:103)\n\tat ✽.I have opened google(features/samples/google/google_search.feature:9)\nCaused by: com.google.inject.OutOfScopeException: Cannot access Key[type\u003dcom.acme.samples.google.pages.home.HomePage, annotation\u003d[none]] outside of a scoping block\n\tat cucumber.runtime.java.guice.impl.SequentialScenarioScope$1.get(SequentialScenarioScope.java:34)\n\tat com.google.inject.internal.InternalFactoryToProviderAdapter.get(InternalFactoryToProviderAdapter.java:41)\n\tat com.google.inject.internal.SingleParameterInjector.inject(SingleParameterInjector.java:38)\n\tat com.google.inject.internal.SingleParameterInjector.getAll(SingleParameterInjector.java:62)\n\tat com.google.inject.internal.ConstructorInjector.provision(ConstructorInjector.java:104)\n\tat com.google.inject.internal.ConstructorInjector.construct(ConstructorInjector.java:85)\n\tat com.google.inject.internal.ConstructorBindingImpl$Factory.get(ConstructorBindingImpl.java:267)\n\tat com.google.inject.internal.InjectorImpl$2$1.call(InjectorImpl.java:1016)\n\tat com.google.inject.internal.InjectorImpl.callInContext(InjectorImpl.java:1092)\n\tat com.google.inject.internal.InjectorImpl$2.get(InjectorImpl.java:1012)\n\tat com.google.inject.internal.InjectorImpl.getInstance(InjectorImpl.java:1051)\n\tat cucumber.runtime.java.guice.impl.GuiceFactory.getInstance(GuiceFactory.java:42)\n\tat cucumber.runtime.java.JavaStepDefinition.execute(JavaStepDefinition.java:57)\n\tat cucumber.runner.PickleStepDefinitionMatch.runStep(PickleStepDefinitionMatch.java:50)\n\tat cucumber.runner.TestStep.executeStep(TestStep.java:63)\n\tat cucumber.runner.TestStep.run(TestStep.java:49)\n\tat cucumber.runner.PickleStepTestStep.run(PickleStepTestStep.java:43)\n\tat cucumber.runner.TestCase.run(TestCase.java:44)\n\tat cucumber.runner.Runner.runPickle(Runner.java:40)\n\tat cucumber.runtime.junit.PickleRunners$NoStepDescriptions.run(PickleRunners.java:146)\n\tat cucumber.runtime.junit.FeatureRunner.runChild(FeatureRunner.java:67)\n\tat cucumber.runtime.junit.FeatureRunner.runChild(FeatureRunner.java:22)\n\tat org.junit.runners.ParentRunner$3.run(ParentRunner.java:290)\n\tat org.junit.runners.ParentRunner$1.schedule(ParentRunner.java:71)\n\tat org.junit.runners.ParentRunner.runChildren(ParentRunner.java:288)\n\tat org.junit.runners.ParentRunner.access$000(ParentRunner.java:58)\n\tat org.junit.runners.ParentRunner$2.evaluate(ParentRunner.java:268)\n\tat org.junit.runners.ParentRunner.run(ParentRunner.java:363)\n\tat cucumber.runtime.junit.FeatureRunner.run(FeatureRunner.java:72)\n\tat cucumber.api.junit.Cucumber.runChild(Cucumber.java:122)\n\tat cucumber.api.junit.Cucumber.runChild(Cucumber.java:64)\n\tat org.junit.runners.ParentRunner$3.run(ParentRunner.java:290)\n\tat org.junit.runners.ParentRunner$1.schedule(ParentRunner.java:71)\n\tat org.junit.runners.ParentRunner.runChildren(ParentRunner.java:288)\n\tat org.junit.runners.ParentRunner.access$000(ParentRunner.java:58)\n\tat org.junit.runners.ParentRunner$2.evaluate(ParentRunner.java:268)\n\tat cucumber.api.junit.Cucumber$1.evaluate(Cucumber.java:131)\n\tat org.junit.runners.ParentRunner.run(ParentRunner.java:363)\n\tat org.apache.maven.surefire.junit4.JUnit4Provider.execute(JUnit4Provider.java:264)\n\tat org.apache.maven.surefire.junit4.JUnit4Provider.executeTestSet(JUnit4Provider.java:153)\n\tat org.apache.maven.surefire.junit4.JUnit4Provider.invoke(JUnit4Provider.java:124)\n\tat org.apache.maven.surefire.booter.ForkedBooter.invokeProviderInSameClassLoader(ForkedBooter.java:200)\n\tat org.apache.maven.surefire.booter.ForkedBooter.runSuitesInProcess(ForkedBooter.java:153)\n\tat org.apache.maven.surefire.booter.ForkedBooter.main(ForkedBooter.java:103)\n",
              "duration": 5685188,
              "status": "failed"
            },
            "line": 9,
            "name": "I have opened google",
            "match": {
              "location": "HomeStepDef.I_have_opened_google()"
            },
            "keyword": "Given "
          },
          {
            "result": {
              "duration": 10058,
              "status": "skipped"
            },
            "line": 10,
            "name": "I should see the home page",
            "match": {
              "location": "HomeStepDef.I_should_see_the_home_page()"
            },
            "keyword": "Then "
          }
        ]
      },
      {
        "line": 13,
        "name": "Users can perform a search",
        "description": "",
        "id": "google-search;users-can-perform-a-search",
        "type": "scenario",
        "keyword": "Scenario",
        "steps": [
          {
            "result": {
              "duration": 5469,
              "status": "skipped"
            },
            "line": 14,
            "name": "I search for \"magentys\"",
            "match": {
              "arguments": [
                {
                  "val": "magentys",
                  "offset": 14
                }
              ],
              "location": "HomeStepDef.I_search_for_term(String)"
            },
            "keyword": "When "
          },
          {
            "result": {
              "duration": 4770,
              "status": "skipped"
            },
            "line": 15,
            "name": "I should see the results page",
            "match": {
              "location": "ResultsStepDef.I_should_see_the_results_page()"
            },
            "keyword": "Then "
          },
          {
            "result": {
              "duration": 4996,
              "status": "skipped"
            },
            "line": 16,
            "name": "I should see only relevant results",
            "match": {
              "location": "ResultsStepDef.I_should_see_only_relevant_results()"
            },
            "keyword": "And "
          }
        ],
        "tags": [
          {
            "name": "@google"
          },
          {
            "name": "@complete"
          }
        ]
      },
      {
        "line": 8,
        "name": "",
        "description": "",
        "type": "background",
        "keyword": "Background",
        "steps": [
          {
            "result": {
              "error_message": "com.google.inject.ProvisionException: Unable to provision, see the following errors:\n\n1) Error in custom provider, com.google.inject.OutOfScopeException: Cannot access Key[type\u003dcom.acme.samples.google.pages.home.HomePage, annotation\u003d[none]] outside of a scoping block\n  at com.acme.guice.AcmeModule.configure(AcmeModule.java:21)\n  while locating com.acme.samples.google.pages.home.HomePage\n    for parameter 0 at com.acme.samples.google.stepdef.HomeStepDef.\u003cinit\u003e(HomeStepDef.java:19)\n  while locating com.acme.samples.google.stepdef.HomeStepDef\n\n1 error\n\tat com.google.inject.internal.InjectorImpl$2.get(InjectorImpl.java:1025)\n\tat com.google.inject.internal.InjectorImpl.getInstance(InjectorImpl.java:1051)\n\tat cucumber.runtime.java.guice.impl.GuiceFactory.getInstance(GuiceFactory.java:42)\n\tat cucumber.runtime.java.JavaStepDefinition.execute(JavaStepDefinition.java:57)\n\tat cucumber.runner.PickleStepDefinitionMatch.runStep(PickleStepDefinitionMatch.java:50)\n\tat cucumber.runner.TestStep.executeStep(TestStep.java:63)\n\tat cucumber.runner.TestStep.run(TestStep.java:49)\n\tat cucumber.runner.PickleStepTestStep.run(PickleStepTestStep.java:43)\n\tat cucumber.runner.TestCase.run(TestCase.java:44)\n\tat cucumber.runner.Runner.runPickle(Runner.java:40)\n\tat cucumber.runtime.junit.PickleRunners$NoStepDescriptions.run(PickleRunners.java:146)\n\tat cucumber.runtime.junit.FeatureRunner.runChild(FeatureRunner.java:67)\n\tat cucumber.runtime.junit.FeatureRunner.runChild(FeatureRunner.java:22)\n\tat org.junit.runners.ParentRunner$3.run(ParentRunner.java:290)\n\tat org.junit.runners.ParentRunner$1.schedule(ParentRunner.java:71)\n\tat org.junit.runners.ParentRunner.runChildren(ParentRunner.java:288)\n\tat org.junit.runners.ParentRunner.access$000(ParentRunner.java:58)\n\tat org.junit.runners.ParentRunner$2.evaluate(ParentRunner.java:268)\n\tat org.junit.runners.ParentRunner.run(ParentRunner.java:363)\n\tat cucumber.runtime.junit.FeatureRunner.run(FeatureRunner.java:72)\n\tat cucumber.api.junit.Cucumber.runChild(Cucumber.java:122)\n\tat cucumber.api.junit.Cucumber.runChild(Cucumber.java:64)\n\tat org.junit.runners.ParentRunner$3.run(ParentRunner.java:290)\n\tat org.junit.runners.ParentRunner$1.schedule(ParentRunner.java:71)\n\tat org.junit.runners.ParentRunner.runChildren(ParentRunner.java:288)\n\tat org.junit.runners.ParentRunner.access$000(ParentRunner.java:58)\n\tat org.junit.runners.ParentRunner$2.evaluate(ParentRunner.java:268)\n\tat cucumber.api.junit.Cucumber$1.evaluate(Cucumber.java:131)\n\tat org.junit.runners.ParentRunner.run(ParentRunner.java:363)\n\tat org.apache.maven.surefire.junit4.JUnit4Provider.execute(JUnit4Provider.java:264)\n\tat org.apache.maven.surefire.junit4.JUnit4Provider.executeTestSet(JUnit4Provider.java:153)\n\tat org.apache.maven.surefire.junit4.JUnit4Provider.invoke(JUnit4Provider.java:124)\n\tat org.apache.maven.surefire.booter.ForkedBooter.invokeProviderInSameClassLoader(ForkedBooter.java:200)\n\tat org.apache.maven.surefire.booter.ForkedBooter.runSuitesInProcess(ForkedBooter.java:153)\n\tat org.apache.maven.surefire.booter.ForkedBooter.main(ForkedBooter.java:103)\n\tat ✽.I have opened google(features/samples/google/google_search.feature:9)\nCaused by: com.google.inject.OutOfScopeException: Cannot access Key[type\u003dcom.acme.samples.google.pages.home.HomePage, annotation\u003d[none]] outside of a scoping block\n\tat cucumber.runtime.java.guice.impl.SequentialScenarioScope$1.get(SequentialScenarioScope.java:34)\n\tat com.google.inject.internal.InternalFactoryToProviderAdapter.get(InternalFactoryToProviderAdapter.java:41)\n\tat com.google.inject.internal.SingleParameterInjector.inject(SingleParameterInjector.java:38)\n\tat com.google.inject.internal.SingleParameterInjector.getAll(SingleParameterInjector.java:62)\n\tat com.google.inject.internal.ConstructorInjector.provision(ConstructorInjector.java:104)\n\tat com.google.inject.internal.ConstructorInjector.construct(ConstructorInjector.java:85)\n\tat com.google.inject.internal.ConstructorBindingImpl$Factory.get(ConstructorBindingImpl.java:267)\n\tat com.google.inject.internal.InjectorImpl$2$1.call(InjectorImpl.java:1016)\n\tat com.google.inject.internal.InjectorImpl.callInContext(InjectorImpl.java:1092)\n\tat com.google.inject.internal.InjectorImpl$2.get(InjectorImpl.java:1012)\n\tat com.google.inject.internal.InjectorImpl.getInstance(InjectorImpl.java:1051)\n\tat cucumber.runtime.java.guice.impl.GuiceFactory.getInstance(GuiceFactory.java:42)\n\tat cucumber.runtime.java.JavaStepDefinition.execute(JavaStepDefinition.java:57)\n\tat cucumber.runner.PickleStepDefinitionMatch.runStep(PickleStepDefinitionMatch.java:50)\n\tat cucumber.runner.TestStep.executeStep(TestStep.java:63)\n\tat cucumber.runner.TestStep.run(TestStep.java:49)\n\tat cucumber.runner.PickleStepTestStep.run(PickleStepTestStep.java:43)\n\tat cucumber.runner.TestCase.run(TestCase.java:44)\n\tat cucumber.runner.Runner.runPickle(Runner.java:40)\n\tat cucumber.runtime.junit.PickleRunners$NoStepDescriptions.run(PickleRunners.java:146)\n\tat cucumber.runtime.junit.FeatureRunner.runChild(FeatureRunner.java:67)\n\tat cucumber.runtime.junit.FeatureRunner.runChild(FeatureRunner.java:22)\n\tat org.junit.runners.ParentRunner$3.run(ParentRunner.java:290)\n\tat org.junit.runners.ParentRunner$1.schedule(ParentRunner.java:71)\n\tat org.junit.runners.ParentRunner.runChildren(ParentRunner.java:288)\n\tat org.junit.runners.ParentRunner.access$000(ParentRunner.java:58)\n\tat org.junit.runners.ParentRunner$2.evaluate(ParentRunner.java:268)\n\tat org.junit.runners.ParentRunner.run(ParentRunner.java:363)\n\tat cucumber.runtime.junit.FeatureRunner.run(FeatureRunner.java:72)\n\tat cucumber.api.junit.Cucumber.runChild(Cucumber.java:122)\n\tat cucumber.api.junit.Cucumber.runChild(Cucumber.java:64)\n\tat org.junit.runners.ParentRunner$3.run(ParentRunner.java:290)\n\tat org.junit.runners.ParentRunner$1.schedule(ParentRunner.java:71)\n\tat org.junit.runners.ParentRunner.runChildren(ParentRunner.java:288)\n\tat org.junit.runners.ParentRunner.access$000(ParentRunner.java:58)\n\tat org.junit.runners.ParentRunner$2.evaluate(ParentRunner.java:268)\n\tat cucumber.api.junit.Cucumber$1.evaluate(Cucumber.java:131)\n\tat org.junit.runners.ParentRunner.run(ParentRunner.java:363)\n\tat org.apache.maven.surefire.junit4.JUnit4Provider.execute(JUnit4Provider.java:264)\n\tat org.apache.maven.surefire.junit4.JUnit4Provider.executeTestSet(JUnit4Provider.java:153)\n\tat org.apache.maven.surefire.junit4.JUnit4Provider.invoke(JUnit4Provider.java:124)\n\tat org.apache.maven.surefire.booter.ForkedBooter.invokeProviderInSameClassLoader(ForkedBooter.java:200)\n\tat org.apache.maven.surefire.booter.ForkedBooter.runSuitesInProcess(ForkedBooter.java:153)\n\tat org.apache.maven.surefire.booter.ForkedBooter.main(ForkedBooter.java:103)\n",
              "duration": 311877,
              "status": "failed"
            },
            "line": 9,
            "name": "I have opened google",
            "match": {
              "location": "HomeStepDef.I_have_opened_google()"
            },
            "keyword": "Given "
          },
          {
            "result": {
              "duration": 7691,
              "status": "skipped"
            },
            "line": 10,
            "name": "I should see the home page",
            "match": {
              "location": "HomeStepDef.I_should_see_the_home_page()"
            },
            "keyword": "Then "
          }
        ]
      },
      {
        "line": 19,
        "name": "Perform search without filter",
        "description": "",
        "id": "google-search;perform-search-without-filter",
        "type": "scenario",
        "keyword": "Scenario",
        "steps": [
          {
            "result": {
              "duration": 6976,
              "status": "skipped"
            },
            "line": 20,
            "name": "I search for \"\"",
            "match": {
              "arguments": [
                {
                  "val": "",
                  "offset": 14
                }
              ],
              "location": "HomeStepDef.I_search_for_term(String)"
            },
            "keyword": "When "
          },
          {
            "result": {
              "duration": 7541,
              "status": "skipped"
            },
            "line": 21,
            "name": "I should not see the results page",
            "match": {
              "location": "ResultsStepDef.I_should_not_see_the_results_page()"
            },
            "keyword": "Then "
          }
        ],
        "tags": [
          {
            "name": "@google"
          },
          {
            "name": "@complete"
          }
        ]
      },
      {
        "line": 8,
        "name": "",
        "description": "",
        "type": "background",
        "keyword": "Background",
        "steps": [
          {
            "result": {
              "error_message": "com.google.inject.ProvisionException: Unable to provision, see the following errors:\n\n1) Error in custom provider, com.google.inject.OutOfScopeException: Cannot access Key[type\u003dcom.acme.samples.google.pages.home.HomePage, annotation\u003d[none]] outside of a scoping block\n  at com.acme.guice.AcmeModule.configure(AcmeModule.java:21)\n  while locating com.acme.samples.google.pages.home.HomePage\n    for parameter 0 at com.acme.samples.google.stepdef.HomeStepDef.\u003cinit\u003e(HomeStepDef.java:19)\n  while locating com.acme.samples.google.stepdef.HomeStepDef\n\n1 error\n\tat com.google.inject.internal.InjectorImpl$2.get(InjectorImpl.java:1025)\n\tat com.google.inject.internal.InjectorImpl.getInstance(InjectorImpl.java:1051)\n\tat cucumber.runtime.java.guice.impl.GuiceFactory.getInstance(GuiceFactory.java:42)\n\tat cucumber.runtime.java.JavaStepDefinition.execute(JavaStepDefinition.java:57)\n\tat cucumber.runner.PickleStepDefinitionMatch.runStep(PickleStepDefinitionMatch.java:50)\n\tat cucumber.runner.TestStep.executeStep(TestStep.java:63)\n\tat cucumber.runner.TestStep.run(TestStep.java:49)\n\tat cucumber.runner.PickleStepTestStep.run(PickleStepTestStep.java:43)\n\tat cucumber.runner.TestCase.run(TestCase.java:44)\n\tat cucumber.runner.Runner.runPickle(Runner.java:40)\n\tat cucumber.runtime.junit.PickleRunners$NoStepDescriptions.run(PickleRunners.java:146)\n\tat cucumber.runtime.junit.FeatureRunner.runChild(FeatureRunner.java:67)\n\tat cucumber.runtime.junit.FeatureRunner.runChild(FeatureRunner.java:22)\n\tat org.junit.runners.ParentRunner$3.run(ParentRunner.java:290)\n\tat org.junit.runners.ParentRunner$1.schedule(ParentRunner.java:71)\n\tat org.junit.runners.ParentRunner.runChildren(ParentRunner.java:288)\n\tat org.junit.runners.ParentRunner.access$000(ParentRunner.java:58)\n\tat org.junit.runners.ParentRunner$2.evaluate(ParentRunner.java:268)\n\tat org.junit.runners.ParentRunner.run(ParentRunner.java:363)\n\tat cucumber.runtime.junit.FeatureRunner.run(FeatureRunner.java:72)\n\tat cucumber.api.junit.Cucumber.runChild(Cucumber.java:122)\n\tat cucumber.api.junit.Cucumber.runChild(Cucumber.java:64)\n\tat org.junit.runners.ParentRunner$3.run(ParentRunner.java:290)\n\tat org.junit.runners.ParentRunner$1.schedule(ParentRunner.java:71)\n\tat org.junit.runners.ParentRunner.runChildren(ParentRunner.java:288)\n\tat org.junit.runners.ParentRunner.access$000(ParentRunner.java:58)\n\tat org.junit.runners.ParentRunner$2.evaluate(ParentRunner.java:268)\n\tat cucumber.api.junit.Cucumber$1.evaluate(Cucumber.java:131)\n\tat org.junit.runners.ParentRunner.run(ParentRunner.java:363)\n\tat org.apache.maven.surefire.junit4.JUnit4Provider.execute(JUnit4Provider.java:264)\n\tat org.apache.maven.surefire.junit4.JUnit4Provider.executeTestSet(JUnit4Provider.java:153)\n\tat org.apache.maven.surefire.junit4.JUnit4Provider.invoke(JUnit4Provider.java:124)\n\tat org.apache.maven.surefire.booter.ForkedBooter.invokeProviderInSameClassLoader(ForkedBooter.java:200)\n\tat org.apache.maven.surefire.booter.ForkedBooter.runSuitesInProcess(ForkedBooter.java:153)\n\tat org.apache.maven.surefire.booter.ForkedBooter.main(ForkedBooter.java:103)\n\tat ✽.I have opened google(features/samples/google/google_search.feature:9)\nCaused by: com.google.inject.OutOfScopeException: Cannot access Key[type\u003dcom.acme.samples.google.pages.home.HomePage, annotation\u003d[none]] outside of a scoping block\n\tat cucumber.runtime.java.guice.impl.SequentialScenarioScope$1.get(SequentialScenarioScope.java:34)\n\tat com.google.inject.internal.InternalFactoryToProviderAdapter.get(InternalFactoryToProviderAdapter.java:41)\n\tat com.google.inject.internal.SingleParameterInjector.inject(SingleParameterInjector.java:38)\n\tat com.google.inject.internal.SingleParameterInjector.getAll(SingleParameterInjector.java:62)\n\tat com.google.inject.internal.ConstructorInjector.provision(ConstructorInjector.java:104)\n\tat com.google.inject.internal.ConstructorInjector.construct(ConstructorInjector.java:85)\n\tat com.google.inject.internal.ConstructorBindingImpl$Factory.get(ConstructorBindingImpl.java:267)\n\tat com.google.inject.internal.InjectorImpl$2$1.call(InjectorImpl.java:1016)\n\tat com.google.inject.internal.InjectorImpl.callInContext(InjectorImpl.java:1092)\n\tat com.google.inject.internal.InjectorImpl$2.get(InjectorImpl.java:1012)\n\tat com.google.inject.internal.InjectorImpl.getInstance(InjectorImpl.java:1051)\n\tat cucumber.runtime.java.guice.impl.GuiceFactory.getInstance(GuiceFactory.java:42)\n\tat cucumber.runtime.java.JavaStepDefinition.execute(JavaStepDefinition.java:57)\n\tat cucumber.runner.PickleStepDefinitionMatch.runStep(PickleStepDefinitionMatch.java:50)\n\tat cucumber.runner.TestStep.executeStep(TestStep.java:63)\n\tat cucumber.runner.TestStep.run(TestStep.java:49)\n\tat cucumber.runner.PickleStepTestStep.run(PickleStepTestStep.java:43)\n\tat cucumber.runner.TestCase.run(TestCase.java:44)\n\tat cucumber.runner.Runner.runPickle(Runner.java:40)\n\tat cucumber.runtime.junit.PickleRunners$NoStepDescriptions.run(PickleRunners.java:146)\n\tat cucumber.runtime.junit.FeatureRunner.runChild(FeatureRunner.java:67)\n\tat cucumber.runtime.junit.FeatureRunner.runChild(FeatureRunner.java:22)\n\tat org.junit.runners.ParentRunner$3.run(ParentRunner.java:290)\n\tat org.junit.runners.ParentRunner$1.schedule(ParentRunner.java:71)\n\tat org.junit.runners.ParentRunner.runChildren(ParentRunner.java:288)\n\tat org.junit.runners.ParentRunner.access$000(ParentRunner.java:58)\n\tat org.junit.runners.ParentRunner$2.evaluate(ParentRunner.java:268)\n\tat org.junit.runners.ParentRunner.run(ParentRunner.java:363)\n\tat cucumber.runtime.junit.FeatureRunner.run(FeatureRunner.java:72)\n\tat cucumber.api.junit.Cucumber.runChild(Cucumber.java:122)\n\tat cucumber.api.junit.Cucumber.runChild(Cucumber.java:64)\n\tat org.junit.runners.ParentRunner$3.run(ParentRunner.java:290)\n\tat org.junit.runners.ParentRunner$1.schedule(ParentRunner.java:71)\n\tat org.junit.runners.ParentRunner.runChildren(ParentRunner.java:288)\n\tat org.junit.runners.ParentRunner.access$000(ParentRunner.java:58)\n\tat org.junit.runners.ParentRunner$2.evaluate(ParentRunner.java:268)\n\tat cucumber.api.junit.Cucumber$1.evaluate(Cucumber.java:131)\n\tat org.junit.runners.ParentRunner.run(ParentRunner.java:363)\n\tat org.apache.maven.surefire.junit4.JUnit4Provider.execute(JUnit4Provider.java:264)\n\tat org.apache.maven.surefire.junit4.JUnit4Provider.executeTestSet(JUnit4Provider.java:153)\n\tat org.apache.maven.surefire.junit4.JUnit4Provider.invoke(JUnit4Provider.java:124)\n\tat org.apache.maven.surefire.booter.ForkedBooter.invokeProviderInSameClassLoader(ForkedBooter.java:200)\n\tat org.apache.maven.surefire.booter.ForkedBooter.runSuitesInProcess(ForkedBooter.java:153)\n\tat org.apache.maven.surefire.booter.ForkedBooter.main(ForkedBooter.java:103)\n",
              "duration": 253146,
              "status": "failed"
            },
            "line": 9,
            "name": "I have opened google",
            "match": {
              "location": "HomeStepDef.I_have_opened_google()"
            },
            "keyword": "Given "
          },
          {
            "result": {
              "duration": 4814,
              "status": "skipped"
            },
            "line": 10,
            "name": "I should see the home page",
            "match": {
              "location": "HomeStepDef.I_should_see_the_home_page()"
            },
            "keyword": "Then "
          }
        ]
      },
      {
        "line": 24,
        "name": "Perform search without filter (inline table)",
        "description": "",
        "id": "google-search;perform-search-without-filter-(inline-table)",
        "type": "scenario",
        "keyword": "Scenario",
        "steps": [
          {
            "result": {
              "duration": 4551,
              "status": "skipped"
            },
            "line": 25,
            "name": "I search for:",
            "match": {
              "location": "HomeStepDef.I_search_for(String,String\u003e\u003e)"
            },
            "rows": [
              {
                "cells": [
                  "term"
                ]
              },
              {
                "cells": [
                  ""
                ]
              }
            ],
            "keyword": "When "
          },
          {
            "result": {
              "duration": 4379,
              "status": "skipped"
            },
            "line": 28,
            "name": "I should not see the results page",
            "match": {
              "location": "ResultsStepDef.I_should_not_see_the_results_page()"
            },
            "keyword": "Then "
          }
        ],
        "tags": [
          {
            "name": "@google"
          },
          {
            "name": "@complete"
          }
        ]
      },
      {
        "line": 8,
        "name": "",
        "description": "",
        "type": "background",
        "keyword": "Background",
        "steps": [
          {
            "result": {
              "error_message": "com.google.inject.ProvisionException: Unable to provision, see the following errors:\n\n1) Error in custom provider, com.google.inject.OutOfScopeException: Cannot access Key[type\u003dcom.acme.samples.google.pages.home.HomePage, annotation\u003d[none]] outside of a scoping block\n  at com.acme.guice.AcmeModule.configure(AcmeModule.java:21)\n  while locating com.acme.samples.google.pages.home.HomePage\n    for parameter 0 at com.acme.samples.google.stepdef.HomeStepDef.\u003cinit\u003e(HomeStepDef.java:19)\n  while locating com.acme.samples.google.stepdef.HomeStepDef\n\n1 error\n\tat com.google.inject.internal.InjectorImpl$2.get(InjectorImpl.java:1025)\n\tat com.google.inject.internal.InjectorImpl.getInstance(InjectorImpl.java:1051)\n\tat cucumber.runtime.java.guice.impl.GuiceFactory.getInstance(GuiceFactory.java:42)\n\tat cucumber.runtime.java.JavaStepDefinition.execute(JavaStepDefinition.java:57)\n\tat cucumber.runner.PickleStepDefinitionMatch.runStep(PickleStepDefinitionMatch.java:50)\n\tat cucumber.runner.TestStep.executeStep(TestStep.java:63)\n\tat cucumber.runner.TestStep.run(TestStep.java:49)\n\tat cucumber.runner.PickleStepTestStep.run(PickleStepTestStep.java:43)\n\tat cucumber.runner.TestCase.run(TestCase.java:44)\n\tat cucumber.runner.Runner.runPickle(Runner.java:40)\n\tat cucumber.runtime.junit.PickleRunners$NoStepDescriptions.run(PickleRunners.java:146)\n\tat cucumber.runtime.junit.FeatureRunner.runChild(FeatureRunner.java:67)\n\tat cucumber.runtime.junit.FeatureRunner.runChild(FeatureRunner.java:22)\n\tat org.junit.runners.ParentRunner$3.run(ParentRunner.java:290)\n\tat org.junit.runners.ParentRunner$1.schedule(ParentRunner.java:71)\n\tat org.junit.runners.ParentRunner.runChildren(ParentRunner.java:288)\n\tat org.junit.runners.ParentRunner.access$000(ParentRunner.java:58)\n\tat org.junit.runners.ParentRunner$2.evaluate(ParentRunner.java:268)\n\tat org.junit.runners.ParentRunner.run(ParentRunner.java:363)\n\tat cucumber.runtime.junit.FeatureRunner.run(FeatureRunner.java:72)\n\tat cucumber.api.junit.Cucumber.runChild(Cucumber.java:122)\n\tat cucumber.api.junit.Cucumber.runChild(Cucumber.java:64)\n\tat org.junit.runners.ParentRunner$3.run(ParentRunner.java:290)\n\tat org.junit.runners.ParentRunner$1.schedule(ParentRunner.java:71)\n\tat org.junit.runners.ParentRunner.runChildren(ParentRunner.java:288)\n\tat org.junit.runners.ParentRunner.access$000(ParentRunner.java:58)\n\tat org.junit.runners.ParentRunner$2.evaluate(ParentRunner.java:268)\n\tat cucumber.api.junit.Cucumber$1.evaluate(Cucumber.java:131)\n\tat org.junit.runners.ParentRunner.run(ParentRunner.java:363)\n\tat org.apache.maven.surefire.junit4.JUnit4Provider.execute(JUnit4Provider.java:264)\n\tat org.apache.maven.surefire.junit4.JUnit4Provider.executeTestSet(JUnit4Provider.java:153)\n\tat org.apache.maven.surefire.junit4.JUnit4Provider.invoke(JUnit4Provider.java:124)\n\tat org.apache.maven.surefire.booter.ForkedBooter.invokeProviderInSameClassLoader(ForkedBooter.java:200)\n\tat org.apache.maven.surefire.booter.ForkedBooter.runSuitesInProcess(ForkedBooter.java:153)\n\tat org.apache.maven.surefire.booter.ForkedBooter.main(ForkedBooter.java:103)\n\tat ✽.I have opened google(features/samples/google/google_search.feature:9)\nCaused by: com.google.inject.OutOfScopeException: Cannot access Key[type\u003dcom.acme.samples.google.pages.home.HomePage, annotation\u003d[none]] outside of a scoping block\n\tat cucumber.runtime.java.guice.impl.SequentialScenarioScope$1.get(SequentialScenarioScope.java:34)\n\tat com.google.inject.internal.InternalFactoryToProviderAdapter.get(InternalFactoryToProviderAdapter.java:41)\n\tat com.google.inject.internal.SingleParameterInjector.inject(SingleParameterInjector.java:38)\n\tat com.google.inject.internal.SingleParameterInjector.getAll(SingleParameterInjector.java:62)\n\tat com.google.inject.internal.ConstructorInjector.provision(ConstructorInjector.java:104)\n\tat com.google.inject.internal.ConstructorInjector.construct(ConstructorInjector.java:85)\n\tat com.google.inject.internal.ConstructorBindingImpl$Factory.get(ConstructorBindingImpl.java:267)\n\tat com.google.inject.internal.InjectorImpl$2$1.call(InjectorImpl.java:1016)\n\tat com.google.inject.internal.InjectorImpl.callInContext(InjectorImpl.java:1092)\n\tat com.google.inject.internal.InjectorImpl$2.get(InjectorImpl.java:1012)\n\tat com.google.inject.internal.InjectorImpl.getInstance(InjectorImpl.java:1051)\n\tat cucumber.runtime.java.guice.impl.GuiceFactory.getInstance(GuiceFactory.java:42)\n\tat cucumber.runtime.java.JavaStepDefinition.execute(JavaStepDefinition.java:57)\n\tat cucumber.runner.PickleStepDefinitionMatch.runStep(PickleStepDefinitionMatch.java:50)\n\tat cucumber.runner.TestStep.executeStep(TestStep.java:63)\n\tat cucumber.runner.TestStep.run(TestStep.java:49)\n\tat cucumber.runner.PickleStepTestStep.run(PickleStepTestStep.java:43)\n\tat cucumber.runner.TestCase.run(TestCase.java:44)\n\tat cucumber.runner.Runner.runPickle(Runner.java:40)\n\tat cucumber.runtime.junit.PickleRunners$NoStepDescriptions.run(PickleRunners.java:146)\n\tat cucumber.runtime.junit.FeatureRunner.runChild(FeatureRunner.java:67)\n\tat cucumber.runtime.junit.FeatureRunner.runChild(FeatureRunner.java:22)\n\tat org.junit.runners.ParentRunner$3.run(ParentRunner.java:290)\n\tat org.junit.runners.ParentRunner$1.schedule(ParentRunner.java:71)\n\tat org.junit.runners.ParentRunner.runChildren(ParentRunner.java:288)\n\tat org.junit.runners.ParentRunner.access$000(ParentRunner.java:58)\n\tat org.junit.runners.ParentRunner$2.evaluate(ParentRunner.java:268)\n\tat org.junit.runners.ParentRunner.run(ParentRunner.java:363)\n\tat cucumber.runtime.junit.FeatureRunner.run(FeatureRunner.java:72)\n\tat cucumber.api.junit.Cucumber.runChild(Cucumber.java:122)\n\tat cucumber.api.junit.Cucumber.runChild(Cucumber.java:64)\n\tat org.junit.runners.ParentRunner$3.run(ParentRunner.java:290)\n\tat org.junit.runners.ParentRunner$1.schedule(ParentRunner.java:71)\n\tat org.junit.runners.ParentRunner.runChildren(ParentRunner.java:288)\n\tat org.junit.runners.ParentRunner.access$000(ParentRunner.java:58)\n\tat org.junit.runners.ParentRunner$2.evaluate(ParentRunner.java:268)\n\tat cucumber.api.junit.Cucumber$1.evaluate(Cucumber.java:131)\n\tat org.junit.runners.ParentRunner.run(ParentRunner.java:363)\n\tat org.apache.maven.surefire.junit4.JUnit4Provider.execute(JUnit4Provider.java:264)\n\tat org.apache.maven.surefire.junit4.JUnit4Provider.executeTestSet(JUnit4Provider.java:153)\n\tat org.apache.maven.surefire.junit4.JUnit4Provider.invoke(JUnit4Provider.java:124)\n\tat org.apache.maven.surefire.booter.ForkedBooter.invokeProviderInSameClassLoader(ForkedBooter.java:200)\n\tat org.apache.maven.surefire.booter.ForkedBooter.runSuitesInProcess(ForkedBooter.java:153)\n\tat org.apache.maven.surefire.booter.ForkedBooter.main(ForkedBooter.java:103)\n",
              "duration": 214158,
              "status": "failed"
            },
            "line": 9,
            "name": "I have opened google",
            "match": {
              "location": "HomeStepDef.I_have_opened_google()"
            },
            "keyword": "Given "
          },
          {
            "result": {
              "duration": 4502,
              "status": "skipped"
            },
            "line": 10,
            "name": "I should see the home page",
            "match": {
              "location": "HomeStepDef.I_should_see_the_home_page()"
            },
            "keyword": "Then "
          }
        ]
      },
      {
        "line": 39,
        "name": "Perform search without filter (inline + examples table)",
        "description": "",
        "id": "google-search;perform-search-without-filter-(inline-+-examples-table);;2",
        "type": "scenario",
        "keyword": "Scenario Outline",
        "steps": [
          {
            "result": {
              "duration": 4482,
              "status": "skipped"
            },
            "line": 32,
            "name": "I search for:",
            "match": {
              "location": "HomeStepDef.I_search_for(String,String\u003e\u003e)"
            },
            "rows": [
              {
                "cells": [
                  "term"
                ]
              },
              {
                "cells": [
                  ""
                ]
              }
            ],
            "keyword": "When "
          },
          {
            "result": {
              "duration": 4316,
              "status": "skipped"
            },
            "line": 35,
            "name": "I should not see the results page",
            "match": {
              "location": "ResultsStepDef.I_should_not_see_the_results_page()"
            },
            "keyword": "Then "
          }
        ],
        "tags": [
          {
            "name": "@google"
          },
          {
            "name": "@complete"
          }
        ]
      }
    ],
    "name": "Google search",
    "description": "\tIn order to retrieve search results that are relevant\n\tAs a user\n\tI want to be able to enter a filter",
    "id": "google-search",
    "keyword": "Feature",
    "uri": "features/samples/google/google_search.feature",
    "tags": [
      {
        "name": "@google",
        "type": "Tag",
        "location": {
          "line": 2,
          "column": 1
        }
      }
    ]
  }
]