[
  {
    "line": 2,
    "elements": [
      {
        "line": 7,
        "name": "On page with link that opens new window",
        "description": "",
        "type": "background",
        "keyword": "Background",
        "steps": [
          {
            "result": {
              "duration": 3133063775,
              "status": "passed"
            },
            "line": 8,
            "name": "I have navigated to the local page \"/switch_alert.html\"",
            "match": {
              "arguments": [
                {
                  "val": "/switch_alert.html",
                  "offset": 36
                }
              ],
              "location": "TableStepDef.i_have_navigated_to_the_local_page(String)"
            },
            "keyword": "Given "
          }
        ]
      },
      {
        "line": 11,
        "name": "Accept Alert",
        "description": "",
        "id": "switch-to-alert;accept-alert",
        "type": "scenario",
        "keyword": "Scenario",
        "steps": [
          {
            "result": {
              "error_message": "com.google.inject.ProvisionException: Unable to provision, see the following errors:\n\n1) Error in custom provider, com.google.inject.OutOfScopeException: Cannot access Key[type\u003dcom.acme.samples.local.context.LocalContext, annotation\u003d[none]] outside of a scoping block\n  at com.acme.guice.AcmeModule.configure(AcmeModule.java:20)\n  while locating com.acme.samples.local.context.LocalContext\n    for parameter 1 at com.acme.samples.local.stepdef.SwitchToAlertStepDef.\u003cinit\u003e(SwitchToAlertStepDef.java:19)\n  while locating com.acme.samples.local.stepdef.SwitchToAlertStepDef\n\n1 error\n\tat com.google.inject.internal.InjectorImpl$2.get(InjectorImpl.java:1025)\n\tat com.google.inject.internal.InjectorImpl.getInstance(InjectorImpl.java:1051)\n\tat cucumber.runtime.java.guice.impl.GuiceFactory.getInstance(GuiceFactory.java:42)\n\tat cucumber.runtime.java.JavaStepDefinition.execute(JavaStepDefinition.java:57)\n\tat cucumber.runner.PickleStepDefinitionMatch.runStep(PickleStepDefinitionMatch.java:50)\n\tat cucumber.runner.TestStep.executeStep(TestStep.java:63)\n\tat cucumber.runner.TestStep.run(TestStep.java:49)\n\tat cucumber.runner.PickleStepTestStep.run(PickleStepTestStep.java:43)\n\tat cucumber.runner.TestCase.run(TestCase.java:44)\n\tat cucumber.runner.Runner.runPickle(Runner.java:40)\n\tat cucumber.runtime.junit.PickleRunners$NoStepDescriptions.run(PickleRunners.java:146)\n\tat cucumber.runtime.junit.FeatureRunner.runChild(FeatureRunner.java:67)\n\tat cucumber.runtime.junit.FeatureRunner.runChild(FeatureRunner.java:22)\n\tat org.junit.runners.ParentRunner$3.run(ParentRunner.java:290)\n\tat org.junit.runners.ParentRunner$1.schedule(ParentRunner.java:71)\n\tat org.junit.runners.ParentRunner.runChildren(ParentRunner.java:288)\n\tat org.junit.runners.ParentRunner.access$000(ParentRunner.java:58)\n\tat org.junit.runners.ParentRunner$2.evaluate(ParentRunner.java:268)\n\tat org.junit.runners.ParentRunner.run(ParentRunner.java:363)\n\tat cucumber.runtime.junit.FeatureRunner.run(FeatureRunner.java:72)\n\tat cucumber.api.junit.Cucumber.runChild(Cucumber.java:122)\n\tat cucumber.api.junit.Cucumber.runChild(Cucumber.java:64)\n\tat org.junit.runners.ParentRunner$3.run(ParentRunner.java:290)\n\tat org.junit.runners.ParentRunner$1.schedule(ParentRunner.java:71)\n\tat org.junit.runners.ParentRunner.runChildren(ParentRunner.java:288)\n\tat org.junit.runners.ParentRunner.access$000(ParentRunner.java:58)\n\tat org.junit.runners.ParentRunner$2.evaluate(ParentRunner.java:268)\n\tat cucumber.api.junit.Cucumber$1.evaluate(Cucumber.java:131)\n\tat org.junit.runners.ParentRunner.run(ParentRunner.java:363)\n\tat org.apache.maven.surefire.junit4.JUnit4Provider.execute(JUnit4Provider.java:264)\n\tat org.apache.maven.surefire.junit4.JUnit4Provider.executeTestSet(JUnit4Provider.java:153)\n\tat org.apache.maven.surefire.junit4.JUnit4Provider.invoke(JUnit4Provider.java:124)\n\tat org.apache.maven.surefire.booter.ForkedBooter.invokeProviderInSameClassLoader(ForkedBooter.java:200)\n\tat org.apache.maven.surefire.booter.ForkedBooter.runSuitesInProcess(ForkedBooter.java:153)\n\tat org.apache.maven.surefire.booter.ForkedBooter.main(ForkedBooter.java:103)\n\tat ✽.a new alert has been created(features/samples/local/switch_to_alert.feature:12)\nCaused by: com.google.inject.OutOfScopeException: Cannot access Key[type\u003dcom.acme.samples.local.context.LocalContext, annotation\u003d[none]] outside of a scoping block\n\tat cucumber.runtime.java.guice.impl.SequentialScenarioScope$1.get(SequentialScenarioScope.java:34)\n\tat com.google.inject.internal.InternalFactoryToProviderAdapter.get(InternalFactoryToProviderAdapter.java:41)\n\tat com.google.inject.internal.SingleParameterInjector.inject(SingleParameterInjector.java:38)\n\tat com.google.inject.internal.SingleParameterInjector.getAll(SingleParameterInjector.java:62)\n\tat com.google.inject.internal.ConstructorInjector.provision(ConstructorInjector.java:104)\n\tat com.google.inject.internal.ConstructorInjector.construct(ConstructorInjector.java:85)\n\tat com.google.inject.internal.ConstructorBindingImpl$Factory.get(ConstructorBindingImpl.java:267)\n\tat com.google.inject.internal.InjectorImpl$2$1.call(InjectorImpl.java:1016)\n\tat com.google.inject.internal.InjectorImpl.callInContext(InjectorImpl.java:1092)\n\tat com.google.inject.internal.InjectorImpl$2.get(InjectorImpl.java:1012)\n\tat com.google.inject.internal.InjectorImpl.getInstance(InjectorImpl.java:1051)\n\tat cucumber.runtime.java.guice.impl.GuiceFactory.getInstance(GuiceFactory.java:42)\n\tat cucumber.runtime.java.JavaStepDefinition.execute(JavaStepDefinition.java:57)\n\tat cucumber.runner.PickleStepDefinitionMatch.runStep(PickleStepDefinitionMatch.java:50)\n\tat cucumber.runner.TestStep.executeStep(TestStep.java:63)\n\tat cucumber.runner.TestStep.run(TestStep.java:49)\n\tat cucumber.runner.PickleStepTestStep.run(PickleStepTestStep.java:43)\n\tat cucumber.runner.TestCase.run(TestCase.java:44)\n\tat cucumber.runner.Runner.runPickle(Runner.java:40)\n\tat cucumber.runtime.junit.PickleRunners$NoStepDescriptions.run(PickleRunners.java:146)\n\tat cucumber.runtime.junit.FeatureRunner.runChild(FeatureRunner.java:67)\n\tat cucumber.runtime.junit.FeatureRunner.runChild(FeatureRunner.java:22)\n\tat org.junit.runners.ParentRunner$3.run(ParentRunner.java:290)\n\tat org.junit.runners.ParentRunner$1.schedule(ParentRunner.java:71)\n\tat org.junit.runners.ParentRunner.runChildren(ParentRunner.java:288)\n\tat org.junit.runners.ParentRunner.access$000(ParentRunner.java:58)\n\tat org.junit.runners.ParentRunner$2.evaluate(ParentRunner.java:268)\n\tat org.junit.runners.ParentRunner.run(ParentRunner.java:363)\n\tat cucumber.runtime.junit.FeatureRunner.run(FeatureRunner.java:72)\n\tat cucumber.api.junit.Cucumber.runChild(Cucumber.java:122)\n\tat cucumber.api.junit.Cucumber.runChild(Cucumber.java:64)\n\tat org.junit.runners.ParentRunner$3.run(ParentRunner.java:290)\n\tat org.junit.runners.ParentRunner$1.schedule(ParentRunner.java:71)\n\tat org.junit.runners.ParentRunner.runChildren(ParentRunner.java:288)\n\tat org.junit.runners.ParentRunner.access$000(ParentRunner.java:58)\n\tat org.junit.runners.ParentRunner$2.evaluate(ParentRunner.java:268)\n\tat cucumber.api.junit.Cucumber$1.evaluate(Cucumber.java:131)\n\tat org.junit.runners.ParentRunner.run(ParentRunner.java:363)\n\tat org.apache.maven.surefire.junit4.JUnit4Provider.execute(JUnit4Provider.java:264)\n\tat org.apache.maven.surefire.junit4.JUnit4Provider.executeTestSet(JUnit4Provider.java:153)\n\tat org.apache.maven.surefire.junit4.JUnit4Provider.invoke(JUnit4Provider.java:124)\n\tat org.apache.maven.surefire.booter.ForkedBooter.invokeProviderInSameClassLoader(ForkedBooter.java:200)\n\tat org.apache.maven.surefire.booter.ForkedBooter.runSuitesInProcess(ForkedBooter.java:153)\n\tat org.apache.maven.surefire.booter.ForkedBooter.main(ForkedBooter.java:103)\n",
              "duration": 19290718,
              "status": "failed"
            },
            "line": 12,
            "name": "a new alert has been created",
            "match": {
              "location": "SwitchToAlertStepDef.a_new_alert_has_been_created()"
            },
            "keyword": "Given "
          },
          {
            "result": {
              "duration": 8720,
              "status": "skipped"
            },
            "line": 13,
            "name": "I accept the alert",
            "match": {
              "location": "SwitchToAlertStepDef.i_accept_the_alert()"
            },
            "keyword": "When "
          },
          {
            "result": {
              "duration": 4820,
              "status": "skipped"
            },
            "line": 14,
            "name": "the alert should be closed",
            "match": {
              "location": "SwitchToAlertStepDef.the_alert_should_be_closed()"
            },
            "keyword": "Then "
          }
        ],
        "tags": [
          {
            "name": "@local"
          },
          {
            "name": "@switch_alert"
          },
          {
            "name": "@complete"
          }
        ]
      },
      {
        "line": 7,
        "name": "On page with link that opens new window",
        "description": "",
        "type": "background",
        "keyword": "Background",
        "steps": [
          {
            "result": {
              "duration": 128015098,
              "status": "passed"
            },
            "line": 8,
            "name": "I have navigated to the local page \"/switch_alert.html\"",
            "match": {
              "arguments": [
                {
                  "val": "/switch_alert.html",
                  "offset": 36
                }
              ],
              "location": "TableStepDef.i_have_navigated_to_the_local_page(String)"
            },
            "keyword": "Given "
          }
        ]
      },
      {
        "line": 17,
        "name": "Accept slow loading Alert",
        "description": "",
        "id": "switch-to-alert;accept-slow-loading-alert",
        "type": "scenario",
        "keyword": "Scenario",
        "steps": [
          {
            "result": {
              "error_message": "com.google.inject.ProvisionException: Unable to provision, see the following errors:\n\n1) Error in custom provider, com.google.inject.OutOfScopeException: Cannot access Key[type\u003dcom.acme.samples.local.context.LocalContext, annotation\u003d[none]] outside of a scoping block\n  at com.acme.guice.AcmeModule.configure(AcmeModule.java:20)\n  while locating com.acme.samples.local.context.LocalContext\n    for parameter 1 at com.acme.samples.local.stepdef.SwitchToAlertStepDef.\u003cinit\u003e(SwitchToAlertStepDef.java:19)\n  while locating com.acme.samples.local.stepdef.SwitchToAlertStepDef\n\n1 error\n\tat com.google.inject.internal.InjectorImpl$2.get(InjectorImpl.java:1025)\n\tat com.google.inject.internal.InjectorImpl.getInstance(InjectorImpl.java:1051)\n\tat cucumber.runtime.java.guice.impl.GuiceFactory.getInstance(GuiceFactory.java:42)\n\tat cucumber.runtime.java.JavaStepDefinition.execute(JavaStepDefinition.java:57)\n\tat cucumber.runner.PickleStepDefinitionMatch.runStep(PickleStepDefinitionMatch.java:50)\n\tat cucumber.runner.TestStep.executeStep(TestStep.java:63)\n\tat cucumber.runner.TestStep.run(TestStep.java:49)\n\tat cucumber.runner.PickleStepTestStep.run(PickleStepTestStep.java:43)\n\tat cucumber.runner.TestCase.run(TestCase.java:44)\n\tat cucumber.runner.Runner.runPickle(Runner.java:40)\n\tat cucumber.runtime.junit.PickleRunners$NoStepDescriptions.run(PickleRunners.java:146)\n\tat cucumber.runtime.junit.FeatureRunner.runChild(FeatureRunner.java:67)\n\tat cucumber.runtime.junit.FeatureRunner.runChild(FeatureRunner.java:22)\n\tat org.junit.runners.ParentRunner$3.run(ParentRunner.java:290)\n\tat org.junit.runners.ParentRunner$1.schedule(ParentRunner.java:71)\n\tat org.junit.runners.ParentRunner.runChildren(ParentRunner.java:288)\n\tat org.junit.runners.ParentRunner.access$000(ParentRunner.java:58)\n\tat org.junit.runners.ParentRunner$2.evaluate(ParentRunner.java:268)\n\tat org.junit.runners.ParentRunner.run(ParentRunner.java:363)\n\tat cucumber.runtime.junit.FeatureRunner.run(FeatureRunner.java:72)\n\tat cucumber.api.junit.Cucumber.runChild(Cucumber.java:122)\n\tat cucumber.api.junit.Cucumber.runChild(Cucumber.java:64)\n\tat org.junit.runners.ParentRunner$3.run(ParentRunner.java:290)\n\tat org.junit.runners.ParentRunner$1.schedule(ParentRunner.java:71)\n\tat org.junit.runners.ParentRunner.runChildren(ParentRunner.java:288)\n\tat org.junit.runners.ParentRunner.access$000(ParentRunner.java:58)\n\tat org.junit.runners.ParentRunner$2.evaluate(ParentRunner.java:268)\n\tat cucumber.api.junit.Cucumber$1.evaluate(Cucumber.java:131)\n\tat org.junit.runners.ParentRunner.run(ParentRunner.java:363)\n\tat org.apache.maven.surefire.junit4.JUnit4Provider.execute(JUnit4Provider.java:264)\n\tat org.apache.maven.surefire.junit4.JUnit4Provider.executeTestSet(JUnit4Provider.java:153)\n\tat org.apache.maven.surefire.junit4.JUnit4Provider.invoke(JUnit4Provider.java:124)\n\tat org.apache.maven.surefire.booter.ForkedBooter.invokeProviderInSameClassLoader(ForkedBooter.java:200)\n\tat org.apache.maven.surefire.booter.ForkedBooter.runSuitesInProcess(ForkedBooter.java:153)\n\tat org.apache.maven.surefire.booter.ForkedBooter.main(ForkedBooter.java:103)\n\tat ✽.a new slow loading alert has been created(features/samples/local/switch_to_alert.feature:18)\nCaused by: com.google.inject.OutOfScopeException: Cannot access Key[type\u003dcom.acme.samples.local.context.LocalContext, annotation\u003d[none]] outside of a scoping block\n\tat cucumber.runtime.java.guice.impl.SequentialScenarioScope$1.get(SequentialScenarioScope.java:34)\n\tat com.google.inject.internal.InternalFactoryToProviderAdapter.get(InternalFactoryToProviderAdapter.java:41)\n\tat com.google.inject.internal.SingleParameterInjector.inject(SingleParameterInjector.java:38)\n\tat com.google.inject.internal.SingleParameterInjector.getAll(SingleParameterInjector.java:62)\n\tat com.google.inject.internal.ConstructorInjector.provision(ConstructorInjector.java:104)\n\tat com.google.inject.internal.ConstructorInjector.construct(ConstructorInjector.java:85)\n\tat com.google.inject.internal.ConstructorBindingImpl$Factory.get(ConstructorBindingImpl.java:267)\n\tat com.google.inject.internal.InjectorImpl$2$1.call(InjectorImpl.java:1016)\n\tat com.google.inject.internal.InjectorImpl.callInContext(InjectorImpl.java:1092)\n\tat com.google.inject.internal.InjectorImpl$2.get(InjectorImpl.java:1012)\n\tat com.google.inject.internal.InjectorImpl.getInstance(InjectorImpl.java:1051)\n\tat cucumber.runtime.java.guice.impl.GuiceFactory.getInstance(GuiceFactory.java:42)\n\tat cucumber.runtime.java.JavaStepDefinition.execute(JavaStepDefinition.java:57)\n\tat cucumber.runner.PickleStepDefinitionMatch.runStep(PickleStepDefinitionMatch.java:50)\n\tat cucumber.runner.TestStep.executeStep(TestStep.java:63)\n\tat cucumber.runner.TestStep.run(TestStep.java:49)\n\tat cucumber.runner.PickleStepTestStep.run(PickleStepTestStep.java:43)\n\tat cucumber.runner.TestCase.run(TestCase.java:44)\n\tat cucumber.runner.Runner.runPickle(Runner.java:40)\n\tat cucumber.runtime.junit.PickleRunners$NoStepDescriptions.run(PickleRunners.java:146)\n\tat cucumber.runtime.junit.FeatureRunner.runChild(FeatureRunner.java:67)\n\tat cucumber.runtime.junit.FeatureRunner.runChild(FeatureRunner.java:22)\n\tat org.junit.runners.ParentRunner$3.run(ParentRunner.java:290)\n\tat org.junit.runners.ParentRunner$1.schedule(ParentRunner.java:71)\n\tat org.junit.runners.ParentRunner.runChildren(ParentRunner.java:288)\n\tat org.junit.runners.ParentRunner.access$000(ParentRunner.java:58)\n\tat org.junit.runners.ParentRunner$2.evaluate(ParentRunner.java:268)\n\tat org.junit.runners.ParentRunner.run(ParentRunner.java:363)\n\tat cucumber.runtime.junit.FeatureRunner.run(FeatureRunner.java:72)\n\tat cucumber.api.junit.Cucumber.runChild(Cucumber.java:122)\n\tat cucumber.api.junit.Cucumber.runChild(Cucumber.java:64)\n\tat org.junit.runners.ParentRunner$3.run(ParentRunner.java:290)\n\tat org.junit.runners.ParentRunner$1.schedule(ParentRunner.java:71)\n\tat org.junit.runners.ParentRunner.runChildren(ParentRunner.java:288)\n\tat org.junit.runners.ParentRunner.access$000(ParentRunner.java:58)\n\tat org.junit.runners.ParentRunner$2.evaluate(ParentRunner.java:268)\n\tat cucumber.api.junit.Cucumber$1.evaluate(Cucumber.java:131)\n\tat org.junit.runners.ParentRunner.run(ParentRunner.java:363)\n\tat org.apache.maven.surefire.junit4.JUnit4Provider.execute(JUnit4Provider.java:264)\n\tat org.apache.maven.surefire.junit4.JUnit4Provider.executeTestSet(JUnit4Provider.java:153)\n\tat org.apache.maven.surefire.junit4.JUnit4Provider.invoke(JUnit4Provider.java:124)\n\tat org.apache.maven.surefire.booter.ForkedBooter.invokeProviderInSameClassLoader(ForkedBooter.java:200)\n\tat org.apache.maven.surefire.booter.ForkedBooter.runSuitesInProcess(ForkedBooter.java:153)\n\tat org.apache.maven.surefire.booter.ForkedBooter.main(ForkedBooter.java:103)\n",
              "duration": 12864772,
              "status": "failed"
            },
            "line": 18,
            "name": "a new slow loading alert has been created",
            "match": {
              "location": "SwitchToAlertStepDef.a_new_slow_loading_alert_has_been_created()"
            },
            "keyword": "Given "
          },
          {
            "result": {
              "duration": 6224,
              "status": "skipped"
            },
            "line": 19,
            "name": "I accept the alert",
            "match": {
              "location": "SwitchToAlertStepDef.i_accept_the_alert()"
            },
            "keyword": "When "
          },
          {
            "result": {
              "duration": 4655,
              "status": "skipped"
            },
            "line": 20,
            "name": "the alert should be closed",
            "match": {
              "location": "SwitchToAlertStepDef.the_alert_should_be_closed()"
            },
            "keyword": "Then "
          }
        ],
        "tags": [
          {
            "name": "@local"
          },
          {
            "name": "@switch_alert"
          },
          {
            "name": "@complete"
          }
        ]
      },
      {
        "line": 7,
        "name": "On page with link that opens new window",
        "description": "",
        "type": "background",
        "keyword": "Background",
        "steps": [
          {
            "result": {
              "duration": 119071606,
              "status": "passed"
            },
            "line": 8,
            "name": "I have navigated to the local page \"/switch_alert.html\"",
            "match": {
              "arguments": [
                {
                  "val": "/switch_alert.html",
                  "offset": 36
                }
              ],
              "location": "TableStepDef.i_have_navigated_to_the_local_page(String)"
            },
            "keyword": "Given "
          }
        ]
      },
      {
        "line": 30,
        "name": "Accept Confirm Alert",
        "description": "",
        "id": "switch-to-alert;accept-confirm-alert",
        "type": "scenario",
        "keyword": "Scenario",
        "steps": [
          {
            "result": {
              "error_message": "com.google.inject.ProvisionException: Unable to provision, see the following errors:\n\n1) Error in custom provider, com.google.inject.OutOfScopeException: Cannot access Key[type\u003dcom.acme.samples.local.context.LocalContext, annotation\u003d[none]] outside of a scoping block\n  at com.acme.guice.AcmeModule.configure(AcmeModule.java:20)\n  while locating com.acme.samples.local.context.LocalContext\n    for parameter 1 at com.acme.samples.local.stepdef.SwitchToAlertStepDef.\u003cinit\u003e(SwitchToAlertStepDef.java:19)\n  while locating com.acme.samples.local.stepdef.SwitchToAlertStepDef\n\n1 error\n\tat com.google.inject.internal.InjectorImpl$2.get(InjectorImpl.java:1025)\n\tat com.google.inject.internal.InjectorImpl.getInstance(InjectorImpl.java:1051)\n\tat cucumber.runtime.java.guice.impl.GuiceFactory.getInstance(GuiceFactory.java:42)\n\tat cucumber.runtime.java.JavaStepDefinition.execute(JavaStepDefinition.java:57)\n\tat cucumber.runner.PickleStepDefinitionMatch.runStep(PickleStepDefinitionMatch.java:50)\n\tat cucumber.runner.TestStep.executeStep(TestStep.java:63)\n\tat cucumber.runner.TestStep.run(TestStep.java:49)\n\tat cucumber.runner.PickleStepTestStep.run(PickleStepTestStep.java:43)\n\tat cucumber.runner.TestCase.run(TestCase.java:44)\n\tat cucumber.runner.Runner.runPickle(Runner.java:40)\n\tat cucumber.runtime.junit.PickleRunners$NoStepDescriptions.run(PickleRunners.java:146)\n\tat cucumber.runtime.junit.FeatureRunner.runChild(FeatureRunner.java:67)\n\tat cucumber.runtime.junit.FeatureRunner.runChild(FeatureRunner.java:22)\n\tat org.junit.runners.ParentRunner$3.run(ParentRunner.java:290)\n\tat org.junit.runners.ParentRunner$1.schedule(ParentRunner.java:71)\n\tat org.junit.runners.ParentRunner.runChildren(ParentRunner.java:288)\n\tat org.junit.runners.ParentRunner.access$000(ParentRunner.java:58)\n\tat org.junit.runners.ParentRunner$2.evaluate(ParentRunner.java:268)\n\tat org.junit.runners.ParentRunner.run(ParentRunner.java:363)\n\tat cucumber.runtime.junit.FeatureRunner.run(FeatureRunner.java:72)\n\tat cucumber.api.junit.Cucumber.runChild(Cucumber.java:122)\n\tat cucumber.api.junit.Cucumber.runChild(Cucumber.java:64)\n\tat org.junit.runners.ParentRunner$3.run(ParentRunner.java:290)\n\tat org.junit.runners.ParentRunner$1.schedule(ParentRunner.java:71)\n\tat org.junit.runners.ParentRunner.runChildren(ParentRunner.java:288)\n\tat org.junit.runners.ParentRunner.access$000(ParentRunner.java:58)\n\tat org.junit.runners.ParentRunner$2.evaluate(ParentRunner.java:268)\n\tat cucumber.api.junit.Cucumber$1.evaluate(Cucumber.java:131)\n\tat org.junit.runners.ParentRunner.run(ParentRunner.java:363)\n\tat org.apache.maven.surefire.junit4.JUnit4Provider.execute(JUnit4Provider.java:264)\n\tat org.apache.maven.surefire.junit4.JUnit4Provider.executeTestSet(JUnit4Provider.java:153)\n\tat org.apache.maven.surefire.junit4.JUnit4Provider.invoke(JUnit4Provider.java:124)\n\tat org.apache.maven.surefire.booter.ForkedBooter.invokeProviderInSameClassLoader(ForkedBooter.java:200)\n\tat org.apache.maven.surefire.booter.ForkedBooter.runSuitesInProcess(ForkedBooter.java:153)\n\tat org.apache.maven.surefire.booter.ForkedBooter.main(ForkedBooter.java:103)\n\tat ✽.a new confirm alert has been created(features/samples/local/switch_to_alert.feature:31)\nCaused by: com.google.inject.OutOfScopeException: Cannot access Key[type\u003dcom.acme.samples.local.context.LocalContext, annotation\u003d[none]] outside of a scoping block\n\tat cucumber.runtime.java.guice.impl.SequentialScenarioScope$1.get(SequentialScenarioScope.java:34)\n\tat com.google.inject.internal.InternalFactoryToProviderAdapter.get(InternalFactoryToProviderAdapter.java:41)\n\tat com.google.inject.internal.SingleParameterInjector.inject(SingleParameterInjector.java:38)\n\tat com.google.inject.internal.SingleParameterInjector.getAll(SingleParameterInjector.java:62)\n\tat com.google.inject.internal.ConstructorInjector.provision(ConstructorInjector.java:104)\n\tat com.google.inject.internal.ConstructorInjector.construct(ConstructorInjector.java:85)\n\tat com.google.inject.internal.ConstructorBindingImpl$Factory.get(ConstructorBindingImpl.java:267)\n\tat com.google.inject.internal.InjectorImpl$2$1.call(InjectorImpl.java:1016)\n\tat com.google.inject.internal.InjectorImpl.callInContext(InjectorImpl.java:1092)\n\tat com.google.inject.internal.InjectorImpl$2.get(InjectorImpl.java:1012)\n\tat com.google.inject.internal.InjectorImpl.getInstance(InjectorImpl.java:1051)\n\tat cucumber.runtime.java.guice.impl.GuiceFactory.getInstance(GuiceFactory.java:42)\n\tat cucumber.runtime.java.JavaStepDefinition.execute(JavaStepDefinition.java:57)\n\tat cucumber.runner.PickleStepDefinitionMatch.runStep(PickleStepDefinitionMatch.java:50)\n\tat cucumber.runner.TestStep.executeStep(TestStep.java:63)\n\tat cucumber.runner.TestStep.run(TestStep.java:49)\n\tat cucumber.runner.PickleStepTestStep.run(PickleStepTestStep.java:43)\n\tat cucumber.runner.TestCase.run(TestCase.java:44)\n\tat cucumber.runner.Runner.runPickle(Runner.java:40)\n\tat cucumber.runtime.junit.PickleRunners$NoStepDescriptions.run(PickleRunners.java:146)\n\tat cucumber.runtime.junit.FeatureRunner.runChild(FeatureRunner.java:67)\n\tat cucumber.runtime.junit.FeatureRunner.runChild(FeatureRunner.java:22)\n\tat org.junit.runners.ParentRunner$3.run(ParentRunner.java:290)\n\tat org.junit.runners.ParentRunner$1.schedule(ParentRunner.java:71)\n\tat org.junit.runners.ParentRunner.runChildren(ParentRunner.java:288)\n\tat org.junit.runners.ParentRunner.access$000(ParentRunner.java:58)\n\tat org.junit.runners.ParentRunner$2.evaluate(ParentRunner.java:268)\n\tat org.junit.runners.ParentRunner.run(ParentRunner.java:363)\n\tat cucumber.runtime.junit.FeatureRunner.run(FeatureRunner.java:72)\n\tat cucumber.api.junit.Cucumber.runChild(Cucumber.java:122)\n\tat cucumber.api.junit.Cucumber.runChild(Cucumber.java:64)\n\tat org.junit.runners.ParentRunner$3.run(ParentRunner.java:290)\n\tat org.junit.runners.ParentRunner$1.schedule(ParentRunner.java:71)\n\tat org.junit.runners.ParentRunner.runChildren(ParentRunner.java:288)\n\tat org.junit.runners.ParentRunner.access$000(ParentRunner.java:58)\n\tat org.junit.runners.ParentRunner$2.evaluate(ParentRunner.java:268)\n\tat cucumber.api.junit.Cucumber$1.evaluate(Cucumber.java:131)\n\tat org.junit.runners.ParentRunner.run(ParentRunner.java:363)\n\tat org.apache.maven.surefire.junit4.JUnit4Provider.execute(JUnit4Provider.java:264)\n\tat org.apache.maven.surefire.junit4.JUnit4Provider.executeTestSet(JUnit4Provider.java:153)\n\tat org.apache.maven.surefire.junit4.JUnit4Provider.invoke(JUnit4Provider.java:124)\n\tat org.apache.maven.surefire.booter.ForkedBooter.invokeProviderInSameClassLoader(ForkedBooter.java:200)\n\tat org.apache.maven.surefire.booter.ForkedBooter.runSuitesInProcess(ForkedBooter.java:153)\n\tat org.apache.maven.surefire.booter.ForkedBooter.main(ForkedBooter.java:103)\n",
              "duration": 10994977,
              "status": "failed"
            },
            "line": 31,
            "name": "a new confirm alert has been created",
            "match": {
              "location": "SwitchToAlertStepDef.a_new_confirm_alert_has_been_created()"
            },
            "keyword": "Given "
          },
          {
            "result": {
              "duration": 10520,
              "status": "skipped"
            },
            "line": 32,
            "name": "I accept the alert",
            "match": {
              "location": "SwitchToAlertStepDef.i_accept_the_alert()"
            },
            "keyword": "When "
          },
          {
            "result": {
              "duration": 5202,
              "status": "skipped"
            },
            "line": 33,
            "name": "the alert should be closed",
            "match": {
              "location": "SwitchToAlertStepDef.the_alert_should_be_closed()"
            },
            "keyword": "Then "
          },
          {
            "result": {
              "duration": 6363,
              "status": "skipped"
            },
            "line": 34,
            "name": "the alert return value should should equal \"true\"",
            "match": {
              "arguments": [
                {
                  "val": "true",
                  "offset": 44
                }
              ],
              "location": "SwitchToAlertStepDef.the_alert_return_value_should_should_equal(String)"
            },
            "keyword": "And "
          }
        ],
        "tags": [
          {
            "name": "@local"
          },
          {
            "name": "@switch_alert"
          },
          {
            "name": "@complete"
          }
        ]
      },
      {
        "line": 7,
        "name": "On page with link that opens new window",
        "description": "",
        "type": "background",
        "keyword": "Background",
        "steps": [
          {
            "result": {
              "duration": 100453167,
              "status": "passed"
            },
            "line": 8,
            "name": "I have navigated to the local page \"/switch_alert.html\"",
            "match": {
              "arguments": [
                {
                  "val": "/switch_alert.html",
                  "offset": 36
                }
              ],
              "location": "TableStepDef.i_have_navigated_to_the_local_page(String)"
            },
            "keyword": "Given "
          }
        ]
      },
      {
        "line": 37,
        "name": "Dismiss Confirm Alert",
        "description": "",
        "id": "switch-to-alert;dismiss-confirm-alert",
        "type": "scenario",
        "keyword": "Scenario",
        "steps": [
          {
            "result": {
              "error_message": "com.google.inject.ProvisionException: Unable to provision, see the following errors:\n\n1) Error in custom provider, com.google.inject.OutOfScopeException: Cannot access Key[type\u003dcom.acme.samples.local.context.LocalContext, annotation\u003d[none]] outside of a scoping block\n  at com.acme.guice.AcmeModule.configure(AcmeModule.java:20)\n  while locating com.acme.samples.local.context.LocalContext\n    for parameter 1 at com.acme.samples.local.stepdef.SwitchToAlertStepDef.\u003cinit\u003e(SwitchToAlertStepDef.java:19)\n  while locating com.acme.samples.local.stepdef.SwitchToAlertStepDef\n\n1 error\n\tat com.google.inject.internal.InjectorImpl$2.get(InjectorImpl.java:1025)\n\tat com.google.inject.internal.InjectorImpl.getInstance(InjectorImpl.java:1051)\n\tat cucumber.runtime.java.guice.impl.GuiceFactory.getInstance(GuiceFactory.java:42)\n\tat cucumber.runtime.java.JavaStepDefinition.execute(JavaStepDefinition.java:57)\n\tat cucumber.runner.PickleStepDefinitionMatch.runStep(PickleStepDefinitionMatch.java:50)\n\tat cucumber.runner.TestStep.executeStep(TestStep.java:63)\n\tat cucumber.runner.TestStep.run(TestStep.java:49)\n\tat cucumber.runner.PickleStepTestStep.run(PickleStepTestStep.java:43)\n\tat cucumber.runner.TestCase.run(TestCase.java:44)\n\tat cucumber.runner.Runner.runPickle(Runner.java:40)\n\tat cucumber.runtime.junit.PickleRunners$NoStepDescriptions.run(PickleRunners.java:146)\n\tat cucumber.runtime.junit.FeatureRunner.runChild(FeatureRunner.java:67)\n\tat cucumber.runtime.junit.FeatureRunner.runChild(FeatureRunner.java:22)\n\tat org.junit.runners.ParentRunner$3.run(ParentRunner.java:290)\n\tat org.junit.runners.ParentRunner$1.schedule(ParentRunner.java:71)\n\tat org.junit.runners.ParentRunner.runChildren(ParentRunner.java:288)\n\tat org.junit.runners.ParentRunner.access$000(ParentRunner.java:58)\n\tat org.junit.runners.ParentRunner$2.evaluate(ParentRunner.java:268)\n\tat org.junit.runners.ParentRunner.run(ParentRunner.java:363)\n\tat cucumber.runtime.junit.FeatureRunner.run(FeatureRunner.java:72)\n\tat cucumber.api.junit.Cucumber.runChild(Cucumber.java:122)\n\tat cucumber.api.junit.Cucumber.runChild(Cucumber.java:64)\n\tat org.junit.runners.ParentRunner$3.run(ParentRunner.java:290)\n\tat org.junit.runners.ParentRunner$1.schedule(ParentRunner.java:71)\n\tat org.junit.runners.ParentRunner.runChildren(ParentRunner.java:288)\n\tat org.junit.runners.ParentRunner.access$000(ParentRunner.java:58)\n\tat org.junit.runners.ParentRunner$2.evaluate(ParentRunner.java:268)\n\tat cucumber.api.junit.Cucumber$1.evaluate(Cucumber.java:131)\n\tat org.junit.runners.ParentRunner.run(ParentRunner.java:363)\n\tat org.apache.maven.surefire.junit4.JUnit4Provider.execute(JUnit4Provider.java:264)\n\tat org.apache.maven.surefire.junit4.JUnit4Provider.executeTestSet(JUnit4Provider.java:153)\n\tat org.apache.maven.surefire.junit4.JUnit4Provider.invoke(JUnit4Provider.java:124)\n\tat org.apache.maven.surefire.booter.ForkedBooter.invokeProviderInSameClassLoader(ForkedBooter.java:200)\n\tat org.apache.maven.surefire.booter.ForkedBooter.runSuitesInProcess(ForkedBooter.java:153)\n\tat org.apache.maven.surefire.booter.ForkedBooter.main(ForkedBooter.java:103)\n\tat ✽.a new confirm alert has been created(features/samples/local/switch_to_alert.feature:38)\nCaused by: com.google.inject.OutOfScopeException: Cannot access Key[type\u003dcom.acme.samples.local.context.LocalContext, annotation\u003d[none]] outside of a scoping block\n\tat cucumber.runtime.java.guice.impl.SequentialScenarioScope$1.get(SequentialScenarioScope.java:34)\n\tat com.google.inject.internal.InternalFactoryToProviderAdapter.get(InternalFactoryToProviderAdapter.java:41)\n\tat com.google.inject.internal.SingleParameterInjector.inject(SingleParameterInjector.java:38)\n\tat com.google.inject.internal.SingleParameterInjector.getAll(SingleParameterInjector.java:62)\n\tat com.google.inject.internal.ConstructorInjector.provision(ConstructorInjector.java:104)\n\tat com.google.inject.internal.ConstructorInjector.construct(ConstructorInjector.java:85)\n\tat com.google.inject.internal.ConstructorBindingImpl$Factory.get(ConstructorBindingImpl.java:267)\n\tat com.google.inject.internal.InjectorImpl$2$1.call(InjectorImpl.java:1016)\n\tat com.google.inject.internal.InjectorImpl.callInContext(InjectorImpl.java:1092)\n\tat com.google.inject.internal.InjectorImpl$2.get(InjectorImpl.java:1012)\n\tat com.google.inject.internal.InjectorImpl.getInstance(InjectorImpl.java:1051)\n\tat cucumber.runtime.java.guice.impl.GuiceFactory.getInstance(GuiceFactory.java:42)\n\tat cucumber.runtime.java.JavaStepDefinition.execute(JavaStepDefinition.java:57)\n\tat cucumber.runner.PickleStepDefinitionMatch.runStep(PickleStepDefinitionMatch.java:50)\n\tat cucumber.runner.TestStep.executeStep(TestStep.java:63)\n\tat cucumber.runner.TestStep.run(TestStep.java:49)\n\tat cucumber.runner.PickleStepTestStep.run(PickleStepTestStep.java:43)\n\tat cucumber.runner.TestCase.run(TestCase.java:44)\n\tat cucumber.runner.Runner.runPickle(Runner.java:40)\n\tat cucumber.runtime.junit.PickleRunners$NoStepDescriptions.run(PickleRunners.java:146)\n\tat cucumber.runtime.junit.FeatureRunner.runChild(FeatureRunner.java:67)\n\tat cucumber.runtime.junit.FeatureRunner.runChild(FeatureRunner.java:22)\n\tat org.junit.runners.ParentRunner$3.run(ParentRunner.java:290)\n\tat org.junit.runners.ParentRunner$1.schedule(ParentRunner.java:71)\n\tat org.junit.runners.ParentRunner.runChildren(ParentRunner.java:288)\n\tat org.junit.runners.ParentRunner.access$000(ParentRunner.java:58)\n\tat org.junit.runners.ParentRunner$2.evaluate(ParentRunner.java:268)\n\tat org.junit.runners.ParentRunner.run(ParentRunner.java:363)\n\tat cucumber.runtime.junit.FeatureRunner.run(FeatureRunner.java:72)\n\tat cucumber.api.junit.Cucumber.runChild(Cucumber.java:122)\n\tat cucumber.api.junit.Cucumber.runChild(Cucumber.java:64)\n\tat org.junit.runners.ParentRunner$3.run(ParentRunner.java:290)\n\tat org.junit.runners.ParentRunner$1.schedule(ParentRunner.java:71)\n\tat org.junit.runners.ParentRunner.runChildren(ParentRunner.java:288)\n\tat org.junit.runners.ParentRunner.access$000(ParentRunner.java:58)\n\tat org.junit.runners.ParentRunner$2.evaluate(ParentRunner.java:268)\n\tat cucumber.api.junit.Cucumber$1.evaluate(Cucumber.java:131)\n\tat org.junit.runners.ParentRunner.run(ParentRunner.java:363)\n\tat org.apache.maven.surefire.junit4.JUnit4Provider.execute(JUnit4Provider.java:264)\n\tat org.apache.maven.surefire.junit4.JUnit4Provider.executeTestSet(JUnit4Provider.java:153)\n\tat org.apache.maven.surefire.junit4.JUnit4Provider.invoke(JUnit4Provider.java:124)\n\tat org.apache.maven.surefire.booter.ForkedBooter.invokeProviderInSameClassLoader(ForkedBooter.java:200)\n\tat org.apache.maven.surefire.booter.ForkedBooter.runSuitesInProcess(ForkedBooter.java:153)\n\tat org.apache.maven.surefire.booter.ForkedBooter.main(ForkedBooter.java:103)\n",
              "duration": 9037211,
              "status": "failed"
            },
            "line": 38,
            "name": "a new confirm alert has been created",
            "match": {
              "location": "SwitchToAlertStepDef.a_new_confirm_alert_has_been_created()"
            },
            "keyword": "Given "
          },
          {
            "result": {
              "duration": 6446,
              "status": "skipped"
            },
            "line": 39,
            "name": "I dismiss the alert",
            "match": {
              "location": "SwitchToAlertStepDef.i_dismiss_the_alert()"
            },
            "keyword": "When "
          },
          {
            "result": {
              "duration": 4840,
              "status": "skipped"
            },
            "line": 40,
            "name": "the alert should be closed",
            "match": {
              "location": "SwitchToAlertStepDef.the_alert_should_be_closed()"
            },
            "keyword": "Then "
          },
          {
            "result": {
              "duration": 4331,
              "status": "skipped"
            },
            "line": 41,
            "name": "the alert return value should should equal \"false\"",
            "match": {
              "arguments": [
                {
                  "val": "false",
                  "offset": 44
                }
              ],
              "location": "SwitchToAlertStepDef.the_alert_return_value_should_should_equal(String)"
            },
            "keyword": "And "
          }
        ],
        "tags": [
          {
            "name": "@local"
          },
          {
            "name": "@switch_alert"
          },
          {
            "name": "@complete"
          }
        ]
      },
      {
        "line": 7,
        "name": "On page with link that opens new window",
        "description": "",
        "type": "background",
        "keyword": "Background",
        "steps": [
          {
            "result": {
              "duration": 118268771,
              "status": "passed"
            },
            "line": 8,
            "name": "I have navigated to the local page \"/switch_alert.html\"",
            "match": {
              "arguments": [
                {
                  "val": "/switch_alert.html",
                  "offset": 36
                }
              ],
              "location": "TableStepDef.i_have_navigated_to_the_local_page(String)"
            },
            "keyword": "Given "
          }
        ]
      },
      {
        "line": 52,
        "name": "Accept Prompt Alert with text input",
        "description": "",
        "id": "switch-to-alert;accept-prompt-alert-with-text-input;;2",
        "type": "scenario",
        "keyword": "Scenario Outline",
        "steps": [
          {
            "result": {
              "error_message": "com.google.inject.ProvisionException: Unable to provision, see the following errors:\n\n1) Error in custom provider, com.google.inject.OutOfScopeException: Cannot access Key[type\u003dcom.acme.samples.local.context.LocalContext, annotation\u003d[none]] outside of a scoping block\n  at com.acme.guice.AcmeModule.configure(AcmeModule.java:20)\n  while locating com.acme.samples.local.context.LocalContext\n    for parameter 1 at com.acme.samples.local.stepdef.SwitchToAlertStepDef.\u003cinit\u003e(SwitchToAlertStepDef.java:19)\n  while locating com.acme.samples.local.stepdef.SwitchToAlertStepDef\n\n1 error\n\tat com.google.inject.internal.InjectorImpl$2.get(InjectorImpl.java:1025)\n\tat com.google.inject.internal.InjectorImpl.getInstance(InjectorImpl.java:1051)\n\tat cucumber.runtime.java.guice.impl.GuiceFactory.getInstance(GuiceFactory.java:42)\n\tat cucumber.runtime.java.JavaStepDefinition.execute(JavaStepDefinition.java:57)\n\tat cucumber.runner.PickleStepDefinitionMatch.runStep(PickleStepDefinitionMatch.java:50)\n\tat cucumber.runner.TestStep.executeStep(TestStep.java:63)\n\tat cucumber.runner.TestStep.run(TestStep.java:49)\n\tat cucumber.runner.PickleStepTestStep.run(PickleStepTestStep.java:43)\n\tat cucumber.runner.TestCase.run(TestCase.java:44)\n\tat cucumber.runner.Runner.runPickle(Runner.java:40)\n\tat cucumber.runtime.junit.PickleRunners$NoStepDescriptions.run(PickleRunners.java:146)\n\tat cucumber.runtime.junit.FeatureRunner.runChild(FeatureRunner.java:67)\n\tat cucumber.runtime.junit.FeatureRunner.runChild(FeatureRunner.java:22)\n\tat org.junit.runners.ParentRunner$3.run(ParentRunner.java:290)\n\tat org.junit.runners.ParentRunner$1.schedule(ParentRunner.java:71)\n\tat org.junit.runners.ParentRunner.runChildren(ParentRunner.java:288)\n\tat org.junit.runners.ParentRunner.access$000(ParentRunner.java:58)\n\tat org.junit.runners.ParentRunner$2.evaluate(ParentRunner.java:268)\n\tat org.junit.runners.ParentRunner.run(ParentRunner.java:363)\n\tat cucumber.runtime.junit.FeatureRunner.run(FeatureRunner.java:72)\n\tat cucumber.api.junit.Cucumber.runChild(Cucumber.java:122)\n\tat cucumber.api.junit.Cucumber.runChild(Cucumber.java:64)\n\tat org.junit.runners.ParentRunner$3.run(ParentRunner.java:290)\n\tat org.junit.runners.ParentRunner$1.schedule(ParentRunner.java:71)\n\tat org.junit.runners.ParentRunner.runChildren(ParentRunner.java:288)\n\tat org.junit.runners.ParentRunner.access$000(ParentRunner.java:58)\n\tat org.junit.runners.ParentRunner$2.evaluate(ParentRunner.java:268)\n\tat cucumber.api.junit.Cucumber$1.evaluate(Cucumber.java:131)\n\tat org.junit.runners.ParentRunner.run(ParentRunner.java:363)\n\tat org.apache.maven.surefire.junit4.JUnit4Provider.execute(JUnit4Provider.java:264)\n\tat org.apache.maven.surefire.junit4.JUnit4Provider.executeTestSet(JUnit4Provider.java:153)\n\tat org.apache.maven.surefire.junit4.JUnit4Provider.invoke(JUnit4Provider.java:124)\n\tat org.apache.maven.surefire.booter.ForkedBooter.invokeProviderInSameClassLoader(ForkedBooter.java:200)\n\tat org.apache.maven.surefire.booter.ForkedBooter.runSuitesInProcess(ForkedBooter.java:153)\n\tat org.apache.maven.surefire.booter.ForkedBooter.main(ForkedBooter.java:103)\n\tat ✽.a new prompt alert has been created(features/samples/local/switch_to_alert.feature:45)\nCaused by: com.google.inject.OutOfScopeException: Cannot access Key[type\u003dcom.acme.samples.local.context.LocalContext, annotation\u003d[none]] outside of a scoping block\n\tat cucumber.runtime.java.guice.impl.SequentialScenarioScope$1.get(SequentialScenarioScope.java:34)\n\tat com.google.inject.internal.InternalFactoryToProviderAdapter.get(InternalFactoryToProviderAdapter.java:41)\n\tat com.google.inject.internal.SingleParameterInjector.inject(SingleParameterInjector.java:38)\n\tat com.google.inject.internal.SingleParameterInjector.getAll(SingleParameterInjector.java:62)\n\tat com.google.inject.internal.ConstructorInjector.provision(ConstructorInjector.java:104)\n\tat com.google.inject.internal.ConstructorInjector.construct(ConstructorInjector.java:85)\n\tat com.google.inject.internal.ConstructorBindingImpl$Factory.get(ConstructorBindingImpl.java:267)\n\tat com.google.inject.internal.InjectorImpl$2$1.call(InjectorImpl.java:1016)\n\tat com.google.inject.internal.InjectorImpl.callInContext(InjectorImpl.java:1092)\n\tat com.google.inject.internal.InjectorImpl$2.get(InjectorImpl.java:1012)\n\tat com.google.inject.internal.InjectorImpl.getInstance(InjectorImpl.java:1051)\n\tat cucumber.runtime.java.guice.impl.GuiceFactory.getInstance(GuiceFactory.java:42)\n\tat cucumber.runtime.java.JavaStepDefinition.execute(JavaStepDefinition.java:57)\n\tat cucumber.runner.PickleStepDefinitionMatch.runStep(PickleStepDefinitionMatch.java:50)\n\tat cucumber.runner.TestStep.executeStep(TestStep.java:63)\n\tat cucumber.runner.TestStep.run(TestStep.java:49)\n\tat cucumber.runner.PickleStepTestStep.run(PickleStepTestStep.java:43)\n\tat cucumber.runner.TestCase.run(TestCase.java:44)\n\tat cucumber.runner.Runner.runPickle(Runner.java:40)\n\tat cucumber.runtime.junit.PickleRunners$NoStepDescriptions.run(PickleRunners.java:146)\n\tat cucumber.runtime.junit.FeatureRunner.runChild(FeatureRunner.java:67)\n\tat cucumber.runtime.junit.FeatureRunner.runChild(FeatureRunner.java:22)\n\tat org.junit.runners.ParentRunner$3.run(ParentRunner.java:290)\n\tat org.junit.runners.ParentRunner$1.schedule(ParentRunner.java:71)\n\tat org.junit.runners.ParentRunner.runChildren(ParentRunner.java:288)\n\tat org.junit.runners.ParentRunner.access$000(ParentRunner.java:58)\n\tat org.junit.runners.ParentRunner$2.evaluate(ParentRunner.java:268)\n\tat org.junit.runners.ParentRunner.run(ParentRunner.java:363)\n\tat cucumber.runtime.junit.FeatureRunner.run(FeatureRunner.java:72)\n\tat cucumber.api.junit.Cucumber.runChild(Cucumber.java:122)\n\tat cucumber.api.junit.Cucumber.runChild(Cucumber.java:64)\n\tat org.junit.runners.ParentRunner$3.run(ParentRunner.java:290)\n\tat org.junit.runners.ParentRunner$1.schedule(ParentRunner.java:71)\n\tat org.junit.runners.ParentRunner.runChildren(ParentRunner.java:288)\n\tat org.junit.runners.ParentRunner.access$000(ParentRunner.java:58)\n\tat org.junit.runners.ParentRunner$2.evaluate(ParentRunner.java:268)\n\tat cucumber.api.junit.Cucumber$1.evaluate(Cucumber.java:131)\n\tat org.junit.runners.ParentRunner.run(ParentRunner.java:363)\n\tat org.apache.maven.surefire.junit4.JUnit4Provider.execute(JUnit4Provider.java:264)\n\tat org.apache.maven.surefire.junit4.JUnit4Provider.executeTestSet(JUnit4Provider.java:153)\n\tat org.apache.maven.surefire.junit4.JUnit4Provider.invoke(JUnit4Provider.java:124)\n\tat org.apache.maven.surefire.booter.ForkedBooter.invokeProviderInSameClassLoader(ForkedBooter.java:200)\n\tat org.apache.maven.surefire.booter.ForkedBooter.runSuitesInProcess(ForkedBooter.java:153)\n\tat org.apache.maven.surefire.booter.ForkedBooter.main(ForkedBooter.java:103)\n",
              "duration": 13516740,
              "status": "failed"
            },
            "line": 45,
            "name": "a new prompt alert has been created",
            "match": {
              "location": "SwitchToAlertStepDef.a_new_prompt_alert_has_been_created()"
            },
            "keyword": "Given "
          },
          {
            "result": {
              "duration": 11557,
              "status": "skipped"
            },
            "line": 46,
            "name": "I enter the text \"typeText\" into the alert",
            "match": {
              "arguments": [
                {
                  "val": "typeText",
                  "offset": 18
                }
              ],
              "location": "SwitchToAlertStepDef.i_enter_the_text_into_the_alert(String)"
            },
            "keyword": "When "
          },
          {
            "result": {
              "duration": 8087,
              "status": "skipped"
            },
            "line": 47,
            "name": "I accept the alert",
            "match": {
              "location": "SwitchToAlertStepDef.i_accept_the_alert()"
            },
            "keyword": "When "
          },
          {
            "result": {
              "duration": 5076,
              "status": "skipped"
            },
            "line": 48,
            "name": "the alert return value should should equal \"typeText\"",
            "match": {
              "arguments": [
                {
                  "val": "typeText",
                  "offset": 44
                }
              ],
              "location": "SwitchToAlertStepDef.the_alert_return_value_should_should_equal(String)"
            },
            "keyword": "Then "
          }
        ],
        "tags": [
          {
            "name": "@local"
          },
          {
            "name": "@switch_alert"
          },
          {
            "name": "@complete"
          }
        ]
      },
      {
        "line": 7,
        "name": "On page with link that opens new window",
        "description": "",
        "type": "background",
        "keyword": "Background",
        "steps": [
          {
            "result": {
              "duration": 132611643,
              "status": "passed"
            },
            "line": 8,
            "name": "I have navigated to the local page \"/switch_alert.html\"",
            "match": {
              "arguments": [
                {
                  "val": "/switch_alert.html",
                  "offset": 36
                }
              ],
              "location": "TableStepDef.i_have_navigated_to_the_local_page(String)"
            },
            "keyword": "Given "
          }
        ]
      },
      {
        "line": 53,
        "name": "Accept Prompt Alert with text input",
        "description": "",
        "id": "switch-to-alert;accept-prompt-alert-with-text-input;;3",
        "type": "scenario",
        "keyword": "Scenario Outline",
        "steps": [
          {
            "result": {
              "error_message": "com.google.inject.ProvisionException: Unable to provision, see the following errors:\n\n1) Error in custom provider, com.google.inject.OutOfScopeException: Cannot access Key[type\u003dcom.acme.samples.local.context.LocalContext, annotation\u003d[none]] outside of a scoping block\n  at com.acme.guice.AcmeModule.configure(AcmeModule.java:20)\n  while locating com.acme.samples.local.context.LocalContext\n    for parameter 1 at com.acme.samples.local.stepdef.SwitchToAlertStepDef.\u003cinit\u003e(SwitchToAlertStepDef.java:19)\n  while locating com.acme.samples.local.stepdef.SwitchToAlertStepDef\n\n1 error\n\tat com.google.inject.internal.InjectorImpl$2.get(InjectorImpl.java:1025)\n\tat com.google.inject.internal.InjectorImpl.getInstance(InjectorImpl.java:1051)\n\tat cucumber.runtime.java.guice.impl.GuiceFactory.getInstance(GuiceFactory.java:42)\n\tat cucumber.runtime.java.JavaStepDefinition.execute(JavaStepDefinition.java:57)\n\tat cucumber.runner.PickleStepDefinitionMatch.runStep(PickleStepDefinitionMatch.java:50)\n\tat cucumber.runner.TestStep.executeStep(TestStep.java:63)\n\tat cucumber.runner.TestStep.run(TestStep.java:49)\n\tat cucumber.runner.PickleStepTestStep.run(PickleStepTestStep.java:43)\n\tat cucumber.runner.TestCase.run(TestCase.java:44)\n\tat cucumber.runner.Runner.runPickle(Runner.java:40)\n\tat cucumber.runtime.junit.PickleRunners$NoStepDescriptions.run(PickleRunners.java:146)\n\tat cucumber.runtime.junit.FeatureRunner.runChild(FeatureRunner.java:67)\n\tat cucumber.runtime.junit.FeatureRunner.runChild(FeatureRunner.java:22)\n\tat org.junit.runners.ParentRunner$3.run(ParentRunner.java:290)\n\tat org.junit.runners.ParentRunner$1.schedule(ParentRunner.java:71)\n\tat org.junit.runners.ParentRunner.runChildren(ParentRunner.java:288)\n\tat org.junit.runners.ParentRunner.access$000(ParentRunner.java:58)\n\tat org.junit.runners.ParentRunner$2.evaluate(ParentRunner.java:268)\n\tat org.junit.runners.ParentRunner.run(ParentRunner.java:363)\n\tat cucumber.runtime.junit.FeatureRunner.run(FeatureRunner.java:72)\n\tat cucumber.api.junit.Cucumber.runChild(Cucumber.java:122)\n\tat cucumber.api.junit.Cucumber.runChild(Cucumber.java:64)\n\tat org.junit.runners.ParentRunner$3.run(ParentRunner.java:290)\n\tat org.junit.runners.ParentRunner$1.schedule(ParentRunner.java:71)\n\tat org.junit.runners.ParentRunner.runChildren(ParentRunner.java:288)\n\tat org.junit.runners.ParentRunner.access$000(ParentRunner.java:58)\n\tat org.junit.runners.ParentRunner$2.evaluate(ParentRunner.java:268)\n\tat cucumber.api.junit.Cucumber$1.evaluate(Cucumber.java:131)\n\tat org.junit.runners.ParentRunner.run(ParentRunner.java:363)\n\tat org.apache.maven.surefire.junit4.JUnit4Provider.execute(JUnit4Provider.java:264)\n\tat org.apache.maven.surefire.junit4.JUnit4Provider.executeTestSet(JUnit4Provider.java:153)\n\tat org.apache.maven.surefire.junit4.JUnit4Provider.invoke(JUnit4Provider.java:124)\n\tat org.apache.maven.surefire.booter.ForkedBooter.invokeProviderInSameClassLoader(ForkedBooter.java:200)\n\tat org.apache.maven.surefire.booter.ForkedBooter.runSuitesInProcess(ForkedBooter.java:153)\n\tat org.apache.maven.surefire.booter.ForkedBooter.main(ForkedBooter.java:103)\n\tat ✽.a new prompt alert has been created(features/samples/local/switch_to_alert.feature:45)\nCaused by: com.google.inject.OutOfScopeException: Cannot access Key[type\u003dcom.acme.samples.local.context.LocalContext, annotation\u003d[none]] outside of a scoping block\n\tat cucumber.runtime.java.guice.impl.SequentialScenarioScope$1.get(SequentialScenarioScope.java:34)\n\tat com.google.inject.internal.InternalFactoryToProviderAdapter.get(InternalFactoryToProviderAdapter.java:41)\n\tat com.google.inject.internal.SingleParameterInjector.inject(SingleParameterInjector.java:38)\n\tat com.google.inject.internal.SingleParameterInjector.getAll(SingleParameterInjector.java:62)\n\tat com.google.inject.internal.ConstructorInjector.provision(ConstructorInjector.java:104)\n\tat com.google.inject.internal.ConstructorInjector.construct(ConstructorInjector.java:85)\n\tat com.google.inject.internal.ConstructorBindingImpl$Factory.get(ConstructorBindingImpl.java:267)\n\tat com.google.inject.internal.InjectorImpl$2$1.call(InjectorImpl.java:1016)\n\tat com.google.inject.internal.InjectorImpl.callInContext(InjectorImpl.java:1092)\n\tat com.google.inject.internal.InjectorImpl$2.get(InjectorImpl.java:1012)\n\tat com.google.inject.internal.InjectorImpl.getInstance(InjectorImpl.java:1051)\n\tat cucumber.runtime.java.guice.impl.GuiceFactory.getInstance(GuiceFactory.java:42)\n\tat cucumber.runtime.java.JavaStepDefinition.execute(JavaStepDefinition.java:57)\n\tat cucumber.runner.PickleStepDefinitionMatch.runStep(PickleStepDefinitionMatch.java:50)\n\tat cucumber.runner.TestStep.executeStep(TestStep.java:63)\n\tat cucumber.runner.TestStep.run(TestStep.java:49)\n\tat cucumber.runner.PickleStepTestStep.run(PickleStepTestStep.java:43)\n\tat cucumber.runner.TestCase.run(TestCase.java:44)\n\tat cucumber.runner.Runner.runPickle(Runner.java:40)\n\tat cucumber.runtime.junit.PickleRunners$NoStepDescriptions.run(PickleRunners.java:146)\n\tat cucumber.runtime.junit.FeatureRunner.runChild(FeatureRunner.java:67)\n\tat cucumber.runtime.junit.FeatureRunner.runChild(FeatureRunner.java:22)\n\tat org.junit.runners.ParentRunner$3.run(ParentRunner.java:290)\n\tat org.junit.runners.ParentRunner$1.schedule(ParentRunner.java:71)\n\tat org.junit.runners.ParentRunner.runChildren(ParentRunner.java:288)\n\tat org.junit.runners.ParentRunner.access$000(ParentRunner.java:58)\n\tat org.junit.runners.ParentRunner$2.evaluate(ParentRunner.java:268)\n\tat org.junit.runners.ParentRunner.run(ParentRunner.java:363)\n\tat cucumber.runtime.junit.FeatureRunner.run(FeatureRunner.java:72)\n\tat cucumber.api.junit.Cucumber.runChild(Cucumber.java:122)\n\tat cucumber.api.junit.Cucumber.runChild(Cucumber.java:64)\n\tat org.junit.runners.ParentRunner$3.run(ParentRunner.java:290)\n\tat org.junit.runners.ParentRunner$1.schedule(ParentRunner.java:71)\n\tat org.junit.runners.ParentRunner.runChildren(ParentRunner.java:288)\n\tat org.junit.runners.ParentRunner.access$000(ParentRunner.java:58)\n\tat org.junit.runners.ParentRunner$2.evaluate(ParentRunner.java:268)\n\tat cucumber.api.junit.Cucumber$1.evaluate(Cucumber.java:131)\n\tat org.junit.runners.ParentRunner.run(ParentRunner.java:363)\n\tat org.apache.maven.surefire.junit4.JUnit4Provider.execute(JUnit4Provider.java:264)\n\tat org.apache.maven.surefire.junit4.JUnit4Provider.executeTestSet(JUnit4Provider.java:153)\n\tat org.apache.maven.surefire.junit4.JUnit4Provider.invoke(JUnit4Provider.java:124)\n\tat org.apache.maven.surefire.booter.ForkedBooter.invokeProviderInSameClassLoader(ForkedBooter.java:200)\n\tat org.apache.maven.surefire.booter.ForkedBooter.runSuitesInProcess(ForkedBooter.java:153)\n\tat org.apache.maven.surefire.booter.ForkedBooter.main(ForkedBooter.java:103)\n",
              "duration": 9041840,
              "status": "failed"
            },
            "line": 45,
            "name": "a new prompt alert has been created",
            "match": {
              "location": "SwitchToAlertStepDef.a_new_prompt_alert_has_been_created()"
            },
            "keyword": "Given "
          },
          {
            "result": {
              "duration": 8671,
              "status": "skipped"
            },
            "line": 46,
            "name": "I enter the text \"\" into the alert",
            "match": {
              "arguments": [
                {
                  "val": "",
                  "offset": 18
                }
              ],
              "location": "SwitchToAlertStepDef.i_enter_the_text_into_the_alert(String)"
            },
            "keyword": "When "
          },
          {
            "result": {
              "duration": 7735,
              "status": "skipped"
            },
            "line": 47,
            "name": "I accept the alert",
            "match": {
              "location": "SwitchToAlertStepDef.i_accept_the_alert()"
            },
            "keyword": "When "
          },
          {
            "result": {
              "duration": 11676,
              "status": "skipped"
            },
            "line": 48,
            "name": "the alert return value should should equal \"\"",
            "match": {
              "arguments": [
                {
                  "val": "",
                  "offset": 44
                }
              ],
              "location": "SwitchToAlertStepDef.the_alert_return_value_should_should_equal(String)"
            },
            "keyword": "Then "
          }
        ],
        "tags": [
          {
            "name": "@local"
          },
          {
            "name": "@switch_alert"
          },
          {
            "name": "@complete"
          }
        ]
      },
      {
        "line": 7,
        "name": "On page with link that opens new window",
        "description": "",
        "type": "background",
        "keyword": "Background",
        "steps": [
          {
            "result": {
              "duration": 97796889,
              "status": "passed"
            },
            "line": 8,
            "name": "I have navigated to the local page \"/switch_alert.html\"",
            "match": {
              "arguments": [
                {
                  "val": "/switch_alert.html",
                  "offset": 36
                }
              ],
              "location": "TableStepDef.i_have_navigated_to_the_local_page(String)"
            },
            "keyword": "Given "
          }
        ]
      },
      {
        "line": 56,
        "name": "Dismiss Prompt Alert with text input",
        "description": "",
        "id": "switch-to-alert;dismiss-prompt-alert-with-text-input",
        "type": "scenario",
        "keyword": "Scenario",
        "steps": [
          {
            "result": {
              "error_message": "com.google.inject.ProvisionException: Unable to provision, see the following errors:\n\n1) Error in custom provider, com.google.inject.OutOfScopeException: Cannot access Key[type\u003dcom.acme.samples.local.context.LocalContext, annotation\u003d[none]] outside of a scoping block\n  at com.acme.guice.AcmeModule.configure(AcmeModule.java:20)\n  while locating com.acme.samples.local.context.LocalContext\n    for parameter 1 at com.acme.samples.local.stepdef.SwitchToAlertStepDef.\u003cinit\u003e(SwitchToAlertStepDef.java:19)\n  while locating com.acme.samples.local.stepdef.SwitchToAlertStepDef\n\n1 error\n\tat com.google.inject.internal.InjectorImpl$2.get(InjectorImpl.java:1025)\n\tat com.google.inject.internal.InjectorImpl.getInstance(InjectorImpl.java:1051)\n\tat cucumber.runtime.java.guice.impl.GuiceFactory.getInstance(GuiceFactory.java:42)\n\tat cucumber.runtime.java.JavaStepDefinition.execute(JavaStepDefinition.java:57)\n\tat cucumber.runner.PickleStepDefinitionMatch.runStep(PickleStepDefinitionMatch.java:50)\n\tat cucumber.runner.TestStep.executeStep(TestStep.java:63)\n\tat cucumber.runner.TestStep.run(TestStep.java:49)\n\tat cucumber.runner.PickleStepTestStep.run(PickleStepTestStep.java:43)\n\tat cucumber.runner.TestCase.run(TestCase.java:44)\n\tat cucumber.runner.Runner.runPickle(Runner.java:40)\n\tat cucumber.runtime.junit.PickleRunners$NoStepDescriptions.run(PickleRunners.java:146)\n\tat cucumber.runtime.junit.FeatureRunner.runChild(FeatureRunner.java:67)\n\tat cucumber.runtime.junit.FeatureRunner.runChild(FeatureRunner.java:22)\n\tat org.junit.runners.ParentRunner$3.run(ParentRunner.java:290)\n\tat org.junit.runners.ParentRunner$1.schedule(ParentRunner.java:71)\n\tat org.junit.runners.ParentRunner.runChildren(ParentRunner.java:288)\n\tat org.junit.runners.ParentRunner.access$000(ParentRunner.java:58)\n\tat org.junit.runners.ParentRunner$2.evaluate(ParentRunner.java:268)\n\tat org.junit.runners.ParentRunner.run(ParentRunner.java:363)\n\tat cucumber.runtime.junit.FeatureRunner.run(FeatureRunner.java:72)\n\tat cucumber.api.junit.Cucumber.runChild(Cucumber.java:122)\n\tat cucumber.api.junit.Cucumber.runChild(Cucumber.java:64)\n\tat org.junit.runners.ParentRunner$3.run(ParentRunner.java:290)\n\tat org.junit.runners.ParentRunner$1.schedule(ParentRunner.java:71)\n\tat org.junit.runners.ParentRunner.runChildren(ParentRunner.java:288)\n\tat org.junit.runners.ParentRunner.access$000(ParentRunner.java:58)\n\tat org.junit.runners.ParentRunner$2.evaluate(ParentRunner.java:268)\n\tat cucumber.api.junit.Cucumber$1.evaluate(Cucumber.java:131)\n\tat org.junit.runners.ParentRunner.run(ParentRunner.java:363)\n\tat org.apache.maven.surefire.junit4.JUnit4Provider.execute(JUnit4Provider.java:264)\n\tat org.apache.maven.surefire.junit4.JUnit4Provider.executeTestSet(JUnit4Provider.java:153)\n\tat org.apache.maven.surefire.junit4.JUnit4Provider.invoke(JUnit4Provider.java:124)\n\tat org.apache.maven.surefire.booter.ForkedBooter.invokeProviderInSameClassLoader(ForkedBooter.java:200)\n\tat org.apache.maven.surefire.booter.ForkedBooter.runSuitesInProcess(ForkedBooter.java:153)\n\tat org.apache.maven.surefire.booter.ForkedBooter.main(ForkedBooter.java:103)\n\tat ✽.a new prompt alert has been created(features/samples/local/switch_to_alert.feature:57)\nCaused by: com.google.inject.OutOfScopeException: Cannot access Key[type\u003dcom.acme.samples.local.context.LocalContext, annotation\u003d[none]] outside of a scoping block\n\tat cucumber.runtime.java.guice.impl.SequentialScenarioScope$1.get(SequentialScenarioScope.java:34)\n\tat com.google.inject.internal.InternalFactoryToProviderAdapter.get(InternalFactoryToProviderAdapter.java:41)\n\tat com.google.inject.internal.SingleParameterInjector.inject(SingleParameterInjector.java:38)\n\tat com.google.inject.internal.SingleParameterInjector.getAll(SingleParameterInjector.java:62)\n\tat com.google.inject.internal.ConstructorInjector.provision(ConstructorInjector.java:104)\n\tat com.google.inject.internal.ConstructorInjector.construct(ConstructorInjector.java:85)\n\tat com.google.inject.internal.ConstructorBindingImpl$Factory.get(ConstructorBindingImpl.java:267)\n\tat com.google.inject.internal.InjectorImpl$2$1.call(InjectorImpl.java:1016)\n\tat com.google.inject.internal.InjectorImpl.callInContext(InjectorImpl.java:1092)\n\tat com.google.inject.internal.InjectorImpl$2.get(InjectorImpl.java:1012)\n\tat com.google.inject.internal.InjectorImpl.getInstance(InjectorImpl.java:1051)\n\tat cucumber.runtime.java.guice.impl.GuiceFactory.getInstance(GuiceFactory.java:42)\n\tat cucumber.runtime.java.JavaStepDefinition.execute(JavaStepDefinition.java:57)\n\tat cucumber.runner.PickleStepDefinitionMatch.runStep(PickleStepDefinitionMatch.java:50)\n\tat cucumber.runner.TestStep.executeStep(TestStep.java:63)\n\tat cucumber.runner.TestStep.run(TestStep.java:49)\n\tat cucumber.runner.PickleStepTestStep.run(PickleStepTestStep.java:43)\n\tat cucumber.runner.TestCase.run(TestCase.java:44)\n\tat cucumber.runner.Runner.runPickle(Runner.java:40)\n\tat cucumber.runtime.junit.PickleRunners$NoStepDescriptions.run(PickleRunners.java:146)\n\tat cucumber.runtime.junit.FeatureRunner.runChild(FeatureRunner.java:67)\n\tat cucumber.runtime.junit.FeatureRunner.runChild(FeatureRunner.java:22)\n\tat org.junit.runners.ParentRunner$3.run(ParentRunner.java:290)\n\tat org.junit.runners.ParentRunner$1.schedule(ParentRunner.java:71)\n\tat org.junit.runners.ParentRunner.runChildren(ParentRunner.java:288)\n\tat org.junit.runners.ParentRunner.access$000(ParentRunner.java:58)\n\tat org.junit.runners.ParentRunner$2.evaluate(ParentRunner.java:268)\n\tat org.junit.runners.ParentRunner.run(ParentRunner.java:363)\n\tat cucumber.runtime.junit.FeatureRunner.run(FeatureRunner.java:72)\n\tat cucumber.api.junit.Cucumber.runChild(Cucumber.java:122)\n\tat cucumber.api.junit.Cucumber.runChild(Cucumber.java:64)\n\tat org.junit.runners.ParentRunner$3.run(ParentRunner.java:290)\n\tat org.junit.runners.ParentRunner$1.schedule(ParentRunner.java:71)\n\tat org.junit.runners.ParentRunner.runChildren(ParentRunner.java:288)\n\tat org.junit.runners.ParentRunner.access$000(ParentRunner.java:58)\n\tat org.junit.runners.ParentRunner$2.evaluate(ParentRunner.java:268)\n\tat cucumber.api.junit.Cucumber$1.evaluate(Cucumber.java:131)\n\tat org.junit.runners.ParentRunner.run(ParentRunner.java:363)\n\tat org.apache.maven.surefire.junit4.JUnit4Provider.execute(JUnit4Provider.java:264)\n\tat org.apache.maven.surefire.junit4.JUnit4Provider.executeTestSet(JUnit4Provider.java:153)\n\tat org.apache.maven.surefire.junit4.JUnit4Provider.invoke(JUnit4Provider.java:124)\n\tat org.apache.maven.surefire.booter.ForkedBooter.invokeProviderInSameClassLoader(ForkedBooter.java:200)\n\tat org.apache.maven.surefire.booter.ForkedBooter.runSuitesInProcess(ForkedBooter.java:153)\n\tat org.apache.maven.surefire.booter.ForkedBooter.main(ForkedBooter.java:103)\n",
              "duration": 8455675,
              "status": "failed"
            },
            "line": 57,
            "name": "a new prompt alert has been created",
            "match": {
              "location": "SwitchToAlertStepDef.a_new_prompt_alert_has_been_created()"
            },
            "keyword": "Given "
          },
          {
            "result": {
              "duration": 5799,
              "status": "skipped"
            },
            "line": 58,
            "name": "I enter the text \"typeText\" into the alert",
            "match": {
              "arguments": [
                {
                  "val": "typeText",
                  "offset": 18
                }
              ],
              "location": "SwitchToAlertStepDef.i_enter_the_text_into_the_alert(String)"
            },
            "keyword": "When "
          },
          {
            "result": {
              "duration": 4355,
              "status": "skipped"
            },
            "line": 59,
            "name": "I dismiss the alert",
            "match": {
              "location": "SwitchToAlertStepDef.i_dismiss_the_alert()"
            },
            "keyword": "When "
          },
          {
            "result": {
              "duration": 4205,
              "status": "skipped"
            },
            "line": 60,
            "name": "the alert return value should should equal \"\"",
            "match": {
              "arguments": [
                {
                  "val": "",
                  "offset": 44
                }
              ],
              "location": "SwitchToAlertStepDef.the_alert_return_value_should_should_equal(String)"
            },
            "keyword": "Then "
          }
        ],
        "tags": [
          {
            "name": "@local"
          },
          {
            "name": "@switch_alert"
          },
          {
            "name": "@complete"
          }
        ]
      }
    ],
    "name": "Switch to alert",
    "description": "  In order to test applications\n  As a tester\n  I want the ability to interact with alerts",
    "id": "switch-to-alert",
    "keyword": "Feature",
    "uri": "features/samples/local/switch_to_alert.feature",
    "tags": [
      {
        "name": "@local",
        "type": "Tag",
        "location": {
          "line": 1,
          "column": 1
        }
      },
      {
        "name": "@switch_alert",
        "type": "Tag",
        "location": {
          "line": 1,
          "column": 8
        }
      }
    ]
  }
]